{"/Users/bogdankopanicuk/Code/EMS/backend/src/app.controller.ts": {"path":"/Users/bogdankopanicuk/Code/EMS/backend/src/app.controller.ts","statementMap":{"0":{"start":{"line":1,"column":0},"end":{"line":1,"column":49}},"1":{"start":{"line":2,"column":0},"end":{"line":2,"column":43}},"2":{"start":{"line":5,"column":7},"end":{"line":12,"column":null}},"3":{"start":{"line":6,"column":31},"end":{"line":6,"column":43}},"4":{"start":{"line":10,"column":4},"end":{"line":10,"column":38}},"5":{"start":{"line":5,"column":13},"end":{"line":5,"column":26}},"6":{"start":{"line":9,"column":2},"end":{"line":11,"column":null}},"7":{"start":{"line":5,"column":13},"end":{"line":12,"column":null}}},"fnMap":{"0":{"name":"(anonymous_2)","decl":{"start":{"line":6,"column":2},"end":{"line":6,"column":31}},"loc":{"start":{"line":6,"column":53},"end":{"line":6,"column":57}}},"1":{"name":"(anonymous_3)","decl":{"start":{"line":9,"column":2},"end":{"line":9,"column":10}},"loc":{"start":{"line":9,"column":10},"end":{"line":11,"column":3}}}},"branchMap":{"0":{"loc":{"start":{"line":6,"column":43},"end":{"line":6,"column":56}},"type":"cond-expr","locations":[{"start":{"line":6,"column":53},"end":{"line":6,"column":56}},{"start":{"line":6,"column":53},"end":{"line":6,"column":56}}]},"1":{"loc":{"start":{"line":6,"column":43},"end":{"line":6,"column":53}},"type":"binary-expr","locations":[{"start":{"line":6,"column":43},"end":{"line":6,"column":56}},{"start":{"line":6,"column":43},"end":{"line":6,"column":53}}]}},"s":{"0":1,"1":1,"2":1,"3":1,"4":1,"5":1,"6":1,"7":1},"f":{"0":1,"1":1},"b":{"0":[1,0],"1":[1,1]}}
,"/Users/bogdankopanicuk/Code/EMS/backend/src/app.module.ts": {"path":"/Users/bogdankopanicuk/Code/EMS/backend/src/app.module.ts","statementMap":{"0":{"start":{"line":1,"column":0},"end":{"line":1,"column":72}},"1":{"start":{"line":2,"column":0},"end":{"line":2,"column":46}},"2":{"start":{"line":3,"column":0},"end":{"line":3,"column":52}},"3":{"start":{"line":4,"column":0},"end":{"line":4,"column":70}},"4":{"start":{"line":5,"column":0},"end":{"line":5,"column":51}},"5":{"start":{"line":6,"column":0},"end":{"line":6,"column":77}},"6":{"start":{"line":7,"column":0},"end":{"line":7,"column":98}},"7":{"start":{"line":8,"column":0},"end":{"line":8,"column":85}},"8":{"start":{"line":9,"column":0},"end":{"line":9,"column":60}},"9":{"start":{"line":10,"column":0},"end":{"line":10,"column":48}},"10":{"start":{"line":11,"column":0},"end":{"line":11,"column":51}},"11":{"start":{"line":12,"column":0},"end":{"line":12,"column":57}},"12":{"start":{"line":13,"column":0},"end":{"line":13,"column":54}},"13":{"start":{"line":14,"column":0},"end":{"line":14,"column":51}},"14":{"start":{"line":50,"column":7},"end":{"line":54,"column":null}},"15":{"start":{"line":52,"column":4},"end":{"line":52,"column":54}},"16":{"start":{"line":50,"column":13},"end":{"line":50,"column":22}},"17":{"start":{"line":50,"column":13},"end":{"line":54,"column":null}}},"fnMap":{"0":{"name":"(anonymous_1)","decl":{"start":{"line":51,"column":2},"end":{"line":51,"column":11}},"loc":{"start":{"line":51,"column":40},"end":{"line":53,"column":3}}}},"branchMap":{},"s":{"0":0,"1":0,"2":0,"3":0,"4":0,"5":0,"6":0,"7":0,"8":0,"9":0,"10":0,"11":0,"12":0,"13":0,"14":0,"15":0,"16":0,"17":0},"f":{"0":0},"b":{}}
,"/Users/bogdankopanicuk/Code/EMS/backend/src/app.service.ts": {"path":"/Users/bogdankopanicuk/Code/EMS/backend/src/app.service.ts","statementMap":{"0":{"start":{"line":1,"column":0},"end":{"line":1,"column":44}},"1":{"start":{"line":4,"column":7},"end":{"line":8,"column":null}},"2":{"start":{"line":6,"column":4},"end":{"line":6,"column":26}},"3":{"start":{"line":4,"column":13},"end":{"line":4,"column":23}},"4":{"start":{"line":4,"column":13},"end":{"line":8,"column":null}}},"fnMap":{"0":{"name":"(anonymous_1)","decl":{"start":{"line":5,"column":2},"end":{"line":5,"column":10}},"loc":{"start":{"line":5,"column":10},"end":{"line":7,"column":3}}}},"branchMap":{},"s":{"0":1,"1":1,"2":1,"3":1,"4":1},"f":{"0":1},"b":{}}
,"/Users/bogdankopanicuk/Code/EMS/backend/src/main.ts": {"path":"/Users/bogdankopanicuk/Code/EMS/backend/src/main.ts","statementMap":{"0":{"start":{"line":1,"column":0},"end":{"line":1,"column":43}},"1":{"start":{"line":2,"column":0},"end":{"line":2,"column":69}},"2":{"start":{"line":3,"column":0},"end":{"line":3,"column":41}},"3":{"start":{"line":4,"column":0},"end":{"line":4,"column":28}},"4":{"start":{"line":5,"column":0},"end":{"line":5,"column":38}},"5":{"start":{"line":6,"column":0},"end":{"line":6,"column":35}},"6":{"start":{"line":9,"column":14},"end":{"line":11,"column":4}},"7":{"start":{"line":14,"column":2},"end":{"line":14,"column":43}},"8":{"start":{"line":15,"column":2},"end":{"line":15,"column":65}},"9":{"start":{"line":18,"column":2},"end":{"line":23,"column":4}},"10":{"start":{"line":26,"column":2},"end":{"line":26,"column":25}},"11":{"start":{"line":29,"column":2},"end":{"line":34,"column":5}},"12":{"start":{"line":37,"column":2},"end":{"line":56,"column":4}},"13":{"start":{"line":46,"column":25},"end":{"line":48,"column":null}},"14":{"start":{"line":48,"column":12},"end":{"line":48,"column":85}},"15":{"start":{"line":50,"column":8},"end":{"line":53,"column":11}},"16":{"start":{"line":59,"column":2},"end":{"line":59,"column":29}},"17":{"start":{"line":62,"column":2},"end":{"line":62,"column":28}},"18":{"start":{"line":64,"column":15},"end":{"line":64,"column":39}},"19":{"start":{"line":65,"column":2},"end":{"line":65,"column":25}},"20":{"start":{"line":66,"column":2},"end":{"line":66,"column":66}},"21":{"start":{"line":68,"column":0},"end":{"line":68,"column":12}}},"fnMap":{"0":{"name":"bootstrap","decl":{"start":{"line":8,"column":15},"end":{"line":8,"column":24}},"loc":{"start":{"line":8,"column":24},"end":{"line":67,"column":1}}},"1":{"name":"(anonymous_11)","decl":{"start":{"line":45,"column":24},"end":{"line":45,"column":25}},"loc":{"start":{"line":45,"column":35},"end":{"line":54,"column":7}}},"2":{"name":"(anonymous_12)","decl":{"start":{"line":47,"column":10},"end":{"line":47,"column":11}},"loc":{"start":{"line":48,"column":12},"end":{"line":48,"column":85}}}},"branchMap":{"0":{"loc":{"start":{"line":30,"column":12},"end":{"line":30,"column":62}},"type":"binary-expr","locations":[{"start":{"line":30,"column":12},"end":{"line":30,"column":35}},{"start":{"line":30,"column":39},"end":{"line":30,"column":62}}]},"1":{"loc":{"start":{"line":48,"column":48},"end":{"line":48,"column":71}},"type":"binary-expr","locations":[{"start":{"line":48,"column":48},"end":{"line":48,"column":65}},{"start":{"line":48,"column":69},"end":{"line":48,"column":71}}]},"2":{"loc":{"start":{"line":64,"column":15},"end":{"line":64,"column":39}},"type":"binary-expr","locations":[{"start":{"line":64,"column":15},"end":{"line":64,"column":31}},{"start":{"line":64,"column":35},"end":{"line":64,"column":39}}]}},"s":{"0":0,"1":0,"2":0,"3":0,"4":0,"5":0,"6":0,"7":0,"8":0,"9":0,"10":0,"11":0,"12":0,"13":0,"14":0,"15":0,"16":0,"17":0,"18":0,"19":0,"20":0,"21":0},"f":{"0":0,"1":0,"2":0},"b":{"0":[0,0],"1":[0,0],"2":[0,0]}}
,"/Users/bogdankopanicuk/Code/EMS/backend/src/audit/audit.module.ts": {"path":"/Users/bogdankopanicuk/Code/EMS/backend/src/audit/audit.module.ts","statementMap":{"0":{"start":{"line":1,"column":0},"end":{"line":1,"column":48}},"1":{"start":{"line":2,"column":0},"end":{"line":2,"column":47}},"2":{"start":{"line":3,"column":0},"end":{"line":3,"column":61}},"3":{"start":{"line":11,"column":7},"end":{"line":11,"column":null}},"4":{"start":{"line":11,"column":13},"end":{"line":11,"column":24}},"5":{"start":{"line":11,"column":13},"end":{"line":11,"column":null}}},"fnMap":{},"branchMap":{},"s":{"0":0,"1":0,"2":0,"3":0,"4":0,"5":0},"f":{},"b":{}}
,"/Users/bogdankopanicuk/Code/EMS/backend/src/audit/audit.service.ts": {"path":"/Users/bogdankopanicuk/Code/EMS/backend/src/audit/audit.service.ts","statementMap":{"0":{"start":{"line":1,"column":0},"end":{"line":1,"column":44}},"1":{"start":{"line":2,"column":0},"end":{"line":2,"column":59}},"2":{"start":{"line":4,"column":0},"end":{"line":4,"column":null}},"3":{"start":{"line":6,"column":2},"end":{"line":6,"column":null}},"4":{"start":{"line":7,"column":2},"end":{"line":7,"column":null}},"5":{"start":{"line":8,"column":2},"end":{"line":8,"column":null}},"6":{"start":{"line":9,"column":2},"end":{"line":9,"column":null}},"7":{"start":{"line":10,"column":2},"end":{"line":10,"column":null}},"8":{"start":{"line":13,"column":2},"end":{"line":13,"column":null}},"9":{"start":{"line":14,"column":2},"end":{"line":14,"column":null}},"10":{"start":{"line":15,"column":2},"end":{"line":15,"column":null}},"11":{"start":{"line":16,"column":2},"end":{"line":16,"column":null}},"12":{"start":{"line":17,"column":2},"end":{"line":17,"column":null}},"13":{"start":{"line":20,"column":2},"end":{"line":20,"column":null}},"14":{"start":{"line":21,"column":2},"end":{"line":21,"column":null}},"15":{"start":{"line":24,"column":2},"end":{"line":24,"column":null}},"16":{"start":{"line":38,"column":7},"end":{"line":124,"column":null}},"17":{"start":{"line":39,"column":22},"end":{"line":39,"column":30}},"18":{"start":{"line":42,"column":4},"end":{"line":57,"column":5}},"19":{"start":{"line":43,"column":6},"end":{"line":53,"column":9}},"20":{"start":{"line":56,"column":6},"end":{"line":56,"column":58}},"21":{"start":{"line":68,"column":72},"end":{"line":68,"column":78}},"22":{"start":{"line":70,"column":23},"end":{"line":70,"column":25}},"23":{"start":{"line":72,"column":4},"end":{"line":72,"column":38}},"24":{"start":{"line":72,"column":16},"end":{"line":72,"column":38}},"25":{"start":{"line":73,"column":4},"end":{"line":73,"column":38}},"26":{"start":{"line":73,"column":16},"end":{"line":73,"column":38}},"27":{"start":{"line":74,"column":4},"end":{"line":78,"column":5}},"28":{"start":{"line":75,"column":6},"end":{"line":75,"column":27}},"29":{"start":{"line":76,"column":6},"end":{"line":76,"column":53}},"30":{"start":{"line":76,"column":21},"end":{"line":76,"column":53}},"31":{"start":{"line":77,"column":6},"end":{"line":77,"column":49}},"32":{"start":{"line":77,"column":19},"end":{"line":77,"column":49}},"33":{"start":{"line":80,"column":26},"end":{"line":98,"column":6}},"34":{"start":{"line":100,"column":4},"end":{"line":107,"column":6}},"35":{"start":{"line":111,"column":23},"end":{"line":111,"column":33}},"36":{"start":{"line":112,"column":4},"end":{"line":112,"column":61}},"37":{"start":{"line":114,"column":19},"end":{"line":120,"column":6}},"38":{"start":{"line":122,"column":4},"end":{"line":122,"column":37}},"39":{"start":{"line":38,"column":13},"end":{"line":38,"column":25}},"40":{"start":{"line":38,"column":13},"end":{"line":124,"column":null}}},"fnMap":{"0":{"name":"(anonymous_2)","decl":{"start":{"line":4,"column":0},"end":{"line":4,"column":12}},"loc":{"start":{"line":4,"column":23},"end":{"line":25,"column":1}}},"1":{"name":"(anonymous_3)","decl":{"start":{"line":39,"column":2},"end":{"line":39,"column":22}},"loc":{"start":{"line":39,"column":43},"end":{"line":39,"column":47}}},"2":{"name":"(anonymous_4)","decl":{"start":{"line":41,"column":2},"end":{"line":41,"column":7}},"loc":{"start":{"line":41,"column":30},"end":{"line":58,"column":3}}},"3":{"name":"(anonymous_5)","decl":{"start":{"line":60,"column":2},"end":{"line":60,"column":7}},"loc":{"start":{"line":67,"column":3},"end":{"line":108,"column":3}}},"4":{"name":"(anonymous_6)","decl":{"start":{"line":110,"column":2},"end":{"line":110,"column":7}},"loc":{"start":{"line":110,"column":49},"end":{"line":123,"column":3}}}},"branchMap":{"0":{"loc":{"start":{"line":4,"column":12},"end":{"line":4,"column":null}},"type":"binary-expr","locations":[{"start":{"line":4,"column":12},"end":{"line":4,"column":23}},{"start":{"line":4,"column":23},"end":{"line":4,"column":null}}]},"1":{"loc":{"start":{"line":49,"column":20},"end":{"line":49,"column":39}},"type":"binary-expr","locations":[{"start":{"line":49,"column":20},"end":{"line":49,"column":33}},{"start":{"line":49,"column":37},"end":{"line":49,"column":39}}]},"2":{"loc":{"start":{"line":68,"column":28},"end":{"line":68,"column":36}},"type":"default-arg","locations":[{"start":{"line":68,"column":35},"end":{"line":68,"column":36}}]},"3":{"loc":{"start":{"line":68,"column":38},"end":{"line":68,"column":47}},"type":"default-arg","locations":[{"start":{"line":68,"column":45},"end":{"line":68,"column":47}}]},"4":{"loc":{"start":{"line":72,"column":4},"end":{"line":72,"column":38}},"type":"if","locations":[{"start":{"line":72,"column":4},"end":{"line":72,"column":38}},{"start":{},"end":{}}]},"5":{"loc":{"start":{"line":73,"column":4},"end":{"line":73,"column":38}},"type":"if","locations":[{"start":{"line":73,"column":4},"end":{"line":73,"column":38}},{"start":{},"end":{}}]},"6":{"loc":{"start":{"line":74,"column":4},"end":{"line":78,"column":5}},"type":"if","locations":[{"start":{"line":74,"column":4},"end":{"line":78,"column":5}},{"start":{},"end":{}}]},"7":{"loc":{"start":{"line":74,"column":8},"end":{"line":74,"column":28}},"type":"binary-expr","locations":[{"start":{"line":74,"column":8},"end":{"line":74,"column":17}},{"start":{"line":74,"column":21},"end":{"line":74,"column":28}}]},"8":{"loc":{"start":{"line":76,"column":6},"end":{"line":76,"column":53}},"type":"if","locations":[{"start":{"line":76,"column":6},"end":{"line":76,"column":53}},{"start":{},"end":{}}]},"9":{"loc":{"start":{"line":77,"column":6},"end":{"line":77,"column":49}},"type":"if","locations":[{"start":{"line":77,"column":6},"end":{"line":77,"column":49}},{"start":{},"end":{}}]},"10":{"loc":{"start":{"line":110,"column":23},"end":{"line":110,"column":49}},"type":"default-arg","locations":[{"start":{"line":110,"column":47},"end":{"line":110,"column":49}}]},"11":{"loc":{"start":{"line":39,"column":30},"end":{"line":39,"column":46}},"type":"cond-expr","locations":[{"start":{"line":39,"column":43},"end":{"line":39,"column":46}},{"start":{"line":39,"column":43},"end":{"line":39,"column":46}}]},"12":{"loc":{"start":{"line":39,"column":30},"end":{"line":39,"column":43}},"type":"binary-expr","locations":[{"start":{"line":39,"column":30},"end":{"line":39,"column":46}},{"start":{"line":39,"column":30},"end":{"line":39,"column":43}}]}},"s":{"0":3,"1":3,"2":3,"3":3,"4":3,"5":3,"6":3,"7":3,"8":3,"9":3,"10":3,"11":3,"12":3,"13":3,"14":3,"15":3,"16":3,"17":10,"18":3,"19":3,"20":1,"21":4,"22":4,"23":4,"24":1,"25":4,"26":1,"27":4,"28":1,"29":1,"30":1,"31":1,"32":1,"33":4,"34":4,"35":4,"36":4,"37":4,"38":3,"39":3,"40":3},"f":{"0":3,"1":10,"2":3,"3":4,"4":4},"b":{"0":[3,3],"1":[3,0],"2":[4],"3":[1],"4":[1,3],"5":[1,3],"6":[1,3],"7":[4,3],"8":[1,0],"9":[1,0],"10":[2],"11":[3,0],"12":[3,3]}}
,"/Users/bogdankopanicuk/Code/EMS/backend/src/auth/auth.controller.ts": {"path":"/Users/bogdankopanicuk/Code/EMS/backend/src/auth/auth.controller.ts","statementMap":{"0":{"start":{"line":1,"column":0},"end":{"line":1,"column":null}},"1":{"start":{"line":11,"column":0},"end":{"line":11,"column":45}},"2":{"start":{"line":12,"column":0},"end":{"line":12,"column":45}},"3":{"start":{"line":13,"column":0},"end":{"line":13,"column":59}},"4":{"start":{"line":14,"column":0},"end":{"line":14,"column":55}},"5":{"start":{"line":15,"column":0},"end":{"line":15,"column":43}},"6":{"start":{"line":16,"column":0},"end":{"line":16,"column":58}},"7":{"start":{"line":17,"column":0},"end":{"line":17,"column":66}},"8":{"start":{"line":20,"column":7},"end":{"line":75,"column":null}},"9":{"start":{"line":21,"column":22},"end":{"line":21,"column":35}},"10":{"start":{"line":28,"column":4},"end":{"line":28,"column":49}},"11":{"start":{"line":35,"column":4},"end":{"line":35,"column":77}},"12":{"start":{"line":46,"column":4},"end":{"line":46,"column":62}},"13":{"start":{"line":53,"column":4},"end":{"line":53,"column":51}},"14":{"start":{"line":59,"column":4},"end":{"line":59,"column":47}},"15":{"start":{"line":65,"column":4},"end":{"line":65,"column":54}},"16":{"start":{"line":72,"column":22},"end":{"line":72,"column":42}},"17":{"start":{"line":73,"column":4},"end":{"line":73,"column":61}},"18":{"start":{"line":20,"column":13},"end":{"line":20,"column":27}},"19":{"start":{"line":27,"column":8},"end":{"line":29,"column":null}},"20":{"start":{"line":34,"column":8},"end":{"line":36,"column":null}},"21":{"start":{"line":41,"column":8},"end":{"line":47,"column":null}},"22":{"start":{"line":52,"column":8},"end":{"line":54,"column":null}},"23":{"start":{"line":58,"column":2},"end":{"line":60,"column":null}},"24":{"start":{"line":64,"column":2},"end":{"line":66,"column":null}},"25":{"start":{"line":71,"column":2},"end":{"line":74,"column":null}},"26":{"start":{"line":20,"column":13},"end":{"line":75,"column":null}}},"fnMap":{"0":{"name":"(anonymous_4)","decl":{"start":{"line":21,"column":2},"end":{"line":21,"column":22}},"loc":{"start":{"line":21,"column":46},"end":{"line":21,"column":50}}},"1":{"name":"(anonymous_5)","decl":{"start":{"line":27,"column":8},"end":{"line":27,"column":13}},"loc":{"start":{"line":27,"column":56},"end":{"line":29,"column":3}}},"2":{"name":"(anonymous_6)","decl":{"start":{"line":34,"column":8},"end":{"line":34,"column":15}},"loc":{"start":{"line":34,"column":72},"end":{"line":36,"column":3}}},"3":{"name":"(anonymous_7)","decl":{"start":{"line":41,"column":8},"end":{"line":41,"column":14}},"loc":{"start":{"line":44,"column":19},"end":{"line":47,"column":3}}},"4":{"name":"(anonymous_8)","decl":{"start":{"line":52,"column":8},"end":{"line":52,"column":17}},"loc":{"start":{"line":52,"column":67},"end":{"line":54,"column":3}}},"5":{"name":"(anonymous_9)","decl":{"start":{"line":58,"column":2},"end":{"line":58,"column":12}},"loc":{"start":{"line":58,"column":46},"end":{"line":60,"column":3}}},"6":{"name":"(anonymous_10)","decl":{"start":{"line":64,"column":2},"end":{"line":64,"column":13}},"loc":{"start":{"line":64,"column":47},"end":{"line":66,"column":3}}},"7":{"name":"(anonymous_11)","decl":{"start":{"line":71,"column":2},"end":{"line":71,"column":15}},"loc":{"start":{"line":71,"column":65},"end":{"line":74,"column":3}}}},"branchMap":{"0":{"loc":{"start":{"line":27,"column":32},"end":{"line":27,"column":43}},"type":"cond-expr","locations":[{"start":{"line":27,"column":40},"end":{"line":27,"column":43}},{"start":{"line":27,"column":40},"end":{"line":27,"column":43}}]},"1":{"loc":{"start":{"line":27,"column":32},"end":{"line":27,"column":40}},"type":"binary-expr","locations":[{"start":{"line":27,"column":32},"end":{"line":27,"column":43}},{"start":{"line":27,"column":32},"end":{"line":27,"column":40}}]},"2":{"loc":{"start":{"line":34,"column":41},"end":{"line":34,"column":59}},"type":"cond-expr","locations":[{"start":{"line":34,"column":56},"end":{"line":34,"column":59}},{"start":{"line":34,"column":56},"end":{"line":34,"column":59}}]},"3":{"loc":{"start":{"line":34,"column":41},"end":{"line":34,"column":56}},"type":"binary-expr","locations":[{"start":{"line":34,"column":41},"end":{"line":34,"column":59}},{"start":{"line":34,"column":41},"end":{"line":34,"column":56}}]},"4":{"loc":{"start":{"line":21,"column":35},"end":{"line":21,"column":49}},"type":"cond-expr","locations":[{"start":{"line":21,"column":46},"end":{"line":21,"column":49}},{"start":{"line":21,"column":46},"end":{"line":21,"column":49}}]},"5":{"loc":{"start":{"line":21,"column":35},"end":{"line":21,"column":46}},"type":"binary-expr","locations":[{"start":{"line":21,"column":35},"end":{"line":21,"column":49}},{"start":{"line":21,"column":35},"end":{"line":21,"column":46}}]}},"s":{"0":1,"1":1,"2":1,"3":1,"4":1,"5":1,"6":1,"7":1,"8":1,"9":10,"10":1,"11":2,"12":2,"13":1,"14":2,"15":1,"16":1,"17":1,"18":1,"19":1,"20":1,"21":1,"22":1,"23":1,"24":1,"25":1,"26":1},"f":{"0":10,"1":1,"2":2,"3":2,"4":1,"5":2,"6":1,"7":1},"b":{"0":[1,0],"1":[1,1],"2":[1,0],"3":[1,1],"4":[1,0],"5":[1,1]}}
,"/Users/bogdankopanicuk/Code/EMS/backend/src/auth/auth.module.ts": {"path":"/Users/bogdankopanicuk/Code/EMS/backend/src/auth/auth.module.ts","statementMap":{"0":{"start":{"line":1,"column":0},"end":{"line":1,"column":40}},"1":{"start":{"line":2,"column":0},"end":{"line":2,"column":40}},"2":{"start":{"line":3,"column":0},"end":{"line":3,"column":50}},"3":{"start":{"line":4,"column":0},"end":{"line":4,"column":61}},"4":{"start":{"line":5,"column":0},"end":{"line":5,"column":45}},"5":{"start":{"line":6,"column":0},"end":{"line":6,"column":51}},"6":{"start":{"line":7,"column":0},"end":{"line":7,"column":60}},"7":{"start":{"line":8,"column":0},"end":{"line":8,"column":56}},"8":{"start":{"line":9,"column":0},"end":{"line":9,"column":61}},"9":{"start":{"line":10,"column":0},"end":{"line":10,"column":52}},"10":{"start":{"line":33,"column":7},"end":{"line":33,"column":null}},"11":{"start":{"line":33,"column":13},"end":{"line":33,"column":23}},"12":{"start":{"line":33,"column":13},"end":{"line":33,"column":null}},"13":{"start":{"line":20,"column":59},"end":{"line":25,"column":8}}},"fnMap":{"0":{"name":"(anonymous_1)","decl":{"start":{"line":20,"column":18},"end":{"line":20,"column":23}},"loc":{"start":{"line":20,"column":59},"end":{"line":25,"column":8}}}},"branchMap":{},"s":{"0":0,"1":0,"2":0,"3":0,"4":0,"5":0,"6":0,"7":0,"8":0,"9":0,"10":0,"11":0,"12":0,"13":0},"f":{"0":0},"b":{}}
,"/Users/bogdankopanicuk/Code/EMS/backend/src/auth/auth.service.ts": {"path":"/Users/bogdankopanicuk/Code/EMS/backend/src/auth/auth.service.ts","statementMap":{"0":{"start":{"line":1,"column":0},"end":{"line":1,"column":null}},"1":{"start":{"line":8,"column":0},"end":{"line":8,"column":41}},"2":{"start":{"line":9,"column":0},"end":{"line":9,"column":47}},"3":{"start":{"line":10,"column":0},"end":{"line":10,"column":59}},"4":{"start":{"line":11,"column":0},"end":{"line":11,"column":67}},"5":{"start":{"line":12,"column":0},"end":{"line":12,"column":33}},"6":{"start":{"line":13,"column":0},"end":{"line":13,"column":36}},"7":{"start":{"line":23,"column":7},"end":{"line":406,"column":null}},"8":{"start":{"line":24,"column":41},"end":{"line":24,"column":42}},"9":{"start":{"line":25,"column":38},"end":{"line":25,"column":52}},"10":{"start":{"line":28,"column":12},"end":{"line":28,"column":20}},"11":{"start":{"line":29,"column":12},"end":{"line":29,"column":24}},"12":{"start":{"line":30,"column":12},"end":{"line":30,"column":27}},"13":{"start":{"line":31,"column":12},"end":{"line":31,"column":26}},"14":{"start":{"line":39,"column":17},"end":{"line":41,"column":6}},"15":{"start":{"line":43,"column":4},"end":{"line":56,"column":5}},"16":{"start":{"line":45,"column":6},"end":{"line":54,"column":9}},"17":{"start":{"line":55,"column":6},"end":{"line":55,"column":18}},"18":{"start":{"line":59,"column":4},"end":{"line":68,"column":5}},"19":{"start":{"line":60,"column":6},"end":{"line":66,"column":9}},"20":{"start":{"line":67,"column":6},"end":{"line":67,"column":71}},"21":{"start":{"line":71,"column":4},"end":{"line":80,"column":5}},"22":{"start":{"line":72,"column":6},"end":{"line":78,"column":9}},"23":{"start":{"line":79,"column":6},"end":{"line":79,"column":57}},"24":{"start":{"line":82,"column":28},"end":{"line":82,"column":73}},"25":{"start":{"line":84,"column":4},"end":{"line":120,"column":5}},"26":{"start":{"line":86,"column":29},"end":{"line":86,"column":57}},"27":{"start":{"line":87,"column":37},"end":{"line":87,"column":41}},"28":{"start":{"line":89,"column":6},"end":{"line":91,"column":7}},"29":{"start":{"line":90,"column":8},"end":{"line":90,"column":67}},"30":{"start":{"line":93,"column":6},"end":{"line":99,"column":9}},"31":{"start":{"line":101,"column":6},"end":{"line":111,"column":9}},"32":{"start":{"line":113,"column":6},"end":{"line":117,"column":7}},"33":{"start":{"line":114,"column":8},"end":{"line":116,"column":10}},"34":{"start":{"line":119,"column":6},"end":{"line":119,"column":18}},"35":{"start":{"line":123,"column":4},"end":{"line":129,"column":7}},"36":{"start":{"line":131,"column":39},"end":{"line":131,"column":43}},"37":{"start":{"line":132,"column":4},"end":{"line":132,"column":18}},"38":{"start":{"line":137,"column":4},"end":{"line":143,"column":7}},"39":{"start":{"line":145,"column":19},"end":{"line":145,"column":50}},"40":{"start":{"line":148,"column":31},"end":{"line":148,"column":41}},"41":{"start":{"line":149,"column":4},"end":{"line":152,"column":6}},"42":{"start":{"line":154,"column":4},"end":{"line":162,"column":7}},"43":{"start":{"line":165,"column":4},"end":{"line":170,"column":7}},"44":{"start":{"line":172,"column":4},"end":{"line":180,"column":6}},"45":{"start":{"line":184,"column":24},"end":{"line":187,"column":6}},"46":{"start":{"line":189,"column":4},"end":{"line":191,"column":5}},"47":{"start":{"line":190,"column":6},"end":{"line":190,"column":63}},"48":{"start":{"line":193,"column":4},"end":{"line":204,"column":5}},"49":{"start":{"line":195,"column":6},"end":{"line":195,"column":57}},"50":{"start":{"line":196,"column":6},"end":{"line":202,"column":9}},"51":{"start":{"line":203,"column":6},"end":{"line":203,"column":61}},"52":{"start":{"line":206,"column":4},"end":{"line":212,"column":5}},"53":{"start":{"line":207,"column":6},"end":{"line":210,"column":9}},"54":{"start":{"line":211,"column":6},"end":{"line":211,"column":67}},"55":{"start":{"line":214,"column":4},"end":{"line":216,"column":5}},"56":{"start":{"line":215,"column":6},"end":{"line":215,"column":57}},"57":{"start":{"line":219,"column":4},"end":{"line":222,"column":7}},"58":{"start":{"line":225,"column":19},"end":{"line":225,"column":62}},"59":{"start":{"line":228,"column":31},"end":{"line":228,"column":41}},"60":{"start":{"line":229,"column":4},"end":{"line":232,"column":6}},"61":{"start":{"line":234,"column":4},"end":{"line":242,"column":7}},"62":{"start":{"line":244,"column":4},"end":{"line":249,"column":7}},"63":{"start":{"line":251,"column":4},"end":{"line":251,"column":18}},"64":{"start":{"line":255,"column":4},"end":{"line":265,"column":5}},"65":{"start":{"line":257,"column":6},"end":{"line":264,"column":9}},"66":{"start":{"line":267,"column":4},"end":{"line":272,"column":7}},"67":{"start":{"line":274,"column":4},"end":{"line":274,"column":50}},"68":{"start":{"line":279,"column":4},"end":{"line":279,"column":43}},"69":{"start":{"line":281,"column":4},"end":{"line":287,"column":7}},"70":{"start":{"line":289,"column":4},"end":{"line":289,"column":54}},"71":{"start":{"line":293,"column":21},"end":{"line":307,"column":6}},"72":{"start":{"line":309,"column":4},"end":{"line":312,"column":8}},"73":{"start":{"line":309,"column":38},"end":{"line":312,"column":6}},"74":{"start":{"line":316,"column":20},"end":{"line":322,"column":6}},"75":{"start":{"line":324,"column":4},"end":{"line":326,"column":5}},"76":{"start":{"line":325,"column":6},"end":{"line":325,"column":76}},"77":{"start":{"line":328,"column":4},"end":{"line":331,"column":7}},"78":{"start":{"line":333,"column":4},"end":{"line":333,"column":55}},"79":{"start":{"line":337,"column":17},"end":{"line":351,"column":6}},"80":{"start":{"line":353,"column":4},"end":{"line":355,"column":5}},"81":{"start":{"line":354,"column":6},"end":{"line":354,"column":56}},"82":{"start":{"line":357,"column":4},"end":{"line":357,"column":16}},"83":{"start":{"line":361,"column":34},"end":{"line":365,"column":6}},"84":{"start":{"line":367,"column":40},"end":{"line":372,"column":6}},"85":{"start":{"line":374,"column":4},"end":{"line":379,"column":6}},"86":{"start":{"line":383,"column":4},"end":{"line":383,"column":39}},"87":{"start":{"line":387,"column":4},"end":{"line":393,"column":7}},"88":{"start":{"line":397,"column":4},"end":{"line":397,"column":35}},"89":{"start":{"line":397,"column":18},"end":{"line":397,"column":35}},"90":{"start":{"line":399,"column":4},"end":{"line":404,"column":6}},"91":{"start":{"line":23,"column":13},"end":{"line":23,"column":24}},"92":{"start":{"line":23,"column":13},"end":{"line":406,"column":null}}},"fnMap":{"0":{"name":"(anonymous_11)","decl":{"start":{"line":27,"column":2},"end":{"line":27,"column":null}},"loc":{"start":{"line":31,"column":38},"end":{"line":32,"column":6}}},"1":{"name":"(anonymous_12)","decl":{"start":{"line":34,"column":2},"end":{"line":34,"column":7}},"loc":{"start":{"line":37,"column":21},"end":{"line":133,"column":3}}},"2":{"name":"(anonymous_13)","decl":{"start":{"line":135,"column":2},"end":{"line":135,"column":7}},"loc":{"start":{"line":135,"column":42},"end":{"line":181,"column":3}}},"3":{"name":"(anonymous_14)","decl":{"start":{"line":183,"column":2},"end":{"line":183,"column":7}},"loc":{"start":{"line":183,"column":60},"end":{"line":252,"column":3}}},"4":{"name":"(anonymous_15)","decl":{"start":{"line":254,"column":2},"end":{"line":254,"column":7}},"loc":{"start":{"line":254,"column":71},"end":{"line":275,"column":3}}},"5":{"name":"(anonymous_16)","decl":{"start":{"line":277,"column":2},"end":{"line":277,"column":7}},"loc":{"start":{"line":277,"column":51},"end":{"line":290,"column":3}}},"6":{"name":"(anonymous_17)","decl":{"start":{"line":292,"column":2},"end":{"line":292,"column":7}},"loc":{"start":{"line":292,"column":40},"end":{"line":313,"column":3}}},"7":{"name":"(anonymous_18)","decl":{"start":{"line":309,"column":24},"end":{"line":309,"column":25}},"loc":{"start":{"line":309,"column":38},"end":{"line":312,"column":6}}},"8":{"name":"(anonymous_19)","decl":{"start":{"line":315,"column":2},"end":{"line":315,"column":7}},"loc":{"start":{"line":315,"column":55},"end":{"line":334,"column":3}}},"9":{"name":"(anonymous_20)","decl":{"start":{"line":336,"column":2},"end":{"line":336,"column":7}},"loc":{"start":{"line":336,"column":33},"end":{"line":358,"column":3}}},"10":{"name":"(anonymous_21)","decl":{"start":{"line":360,"column":10},"end":{"line":360,"column":15}},"loc":{"start":{"line":360,"column":40},"end":{"line":380,"column":3}}},"11":{"name":"(anonymous_22)","decl":{"start":{"line":382,"column":10},"end":{"line":382,"column":30}},"loc":{"start":{"line":382,"column":30},"end":{"line":384,"column":3}}},"12":{"name":"(anonymous_23)","decl":{"start":{"line":386,"column":10},"end":{"line":386,"column":15}},"loc":{"start":{"line":386,"column":50},"end":{"line":394,"column":3}}},"13":{"name":"(anonymous_24)","decl":{"start":{"line":396,"column":10},"end":{"line":396,"column":22}},"loc":{"start":{"line":396,"column":40},"end":{"line":405,"column":3}}}},"branchMap":{"0":{"loc":{"start":{"line":43,"column":4},"end":{"line":56,"column":5}},"type":"if","locations":[{"start":{"line":43,"column":4},"end":{"line":56,"column":5}},{"start":{},"end":{}}]},"1":{"loc":{"start":{"line":43,"column":8},"end":{"line":43,"column":31}},"type":"binary-expr","locations":[{"start":{"line":43,"column":8},"end":{"line":43,"column":13}},{"start":{"line":43,"column":17},"end":{"line":43,"column":31}}]},"2":{"loc":{"start":{"line":46,"column":16},"end":{"line":46,"column":37}},"type":"binary-expr","locations":[{"start":{"line":46,"column":16},"end":{"line":46,"column":24}},{"start":{"line":46,"column":28},"end":{"line":46,"column":37}}]},"3":{"loc":{"start":{"line":50,"column":18},"end":{"line":50,"column":69}},"type":"cond-expr","locations":[{"start":{"line":50,"column":36},"end":{"line":50,"column":50}},{"start":{"line":50,"column":53},"end":{"line":50,"column":69}}]},"4":{"loc":{"start":{"line":59,"column":4},"end":{"line":68,"column":5}},"type":"if","locations":[{"start":{"line":59,"column":4},"end":{"line":68,"column":5}},{"start":{},"end":{}}]},"5":{"loc":{"start":{"line":59,"column":8},"end":{"line":59,"column":57}},"type":"binary-expr","locations":[{"start":{"line":59,"column":8},"end":{"line":59,"column":24}},{"start":{"line":59,"column":28},"end":{"line":59,"column":57}}]},"6":{"loc":{"start":{"line":71,"column":4},"end":{"line":80,"column":5}},"type":"if","locations":[{"start":{"line":71,"column":4},"end":{"line":80,"column":5}},{"start":{},"end":{}}]},"7":{"loc":{"start":{"line":84,"column":4},"end":{"line":120,"column":5}},"type":"if","locations":[{"start":{"line":84,"column":4},"end":{"line":120,"column":5}},{"start":{},"end":{}}]},"8":{"loc":{"start":{"line":89,"column":6},"end":{"line":91,"column":7}},"type":"if","locations":[{"start":{"line":89,"column":6},"end":{"line":91,"column":7}},{"start":{},"end":{}}]},"9":{"loc":{"start":{"line":113,"column":6},"end":{"line":117,"column":7}},"type":"if","locations":[{"start":{"line":113,"column":6},"end":{"line":117,"column":7}},{"start":{},"end":{}}]},"10":{"loc":{"start":{"line":189,"column":4},"end":{"line":191,"column":5}},"type":"if","locations":[{"start":{"line":189,"column":4},"end":{"line":191,"column":5}},{"start":{},"end":{}}]},"11":{"loc":{"start":{"line":193,"column":4},"end":{"line":204,"column":5}},"type":"if","locations":[{"start":{"line":193,"column":4},"end":{"line":204,"column":5}},{"start":{},"end":{}}]},"12":{"loc":{"start":{"line":206,"column":4},"end":{"line":212,"column":5}},"type":"if","locations":[{"start":{"line":206,"column":4},"end":{"line":212,"column":5}},{"start":{},"end":{}}]},"13":{"loc":{"start":{"line":214,"column":4},"end":{"line":216,"column":5}},"type":"if","locations":[{"start":{"line":214,"column":4},"end":{"line":216,"column":5}},{"start":{},"end":{}}]},"14":{"loc":{"start":{"line":255,"column":4},"end":{"line":265,"column":5}},"type":"if","locations":[{"start":{"line":255,"column":4},"end":{"line":265,"column":5}},{"start":{},"end":{}}]},"15":{"loc":{"start":{"line":324,"column":4},"end":{"line":326,"column":5}},"type":"if","locations":[{"start":{"line":324,"column":4},"end":{"line":326,"column":5}},{"start":{},"end":{}}]},"16":{"loc":{"start":{"line":353,"column":4},"end":{"line":355,"column":5}},"type":"if","locations":[{"start":{"line":353,"column":4},"end":{"line":355,"column":5}},{"start":{},"end":{}}]},"17":{"loc":{"start":{"line":397,"column":4},"end":{"line":397,"column":35}},"type":"if","locations":[{"start":{"line":397,"column":4},"end":{"line":397,"column":35}},{"start":{},"end":{}}]},"18":{"loc":{"start":{"line":400,"column":7},"end":{"line":403,"column":16}},"type":"binary-expr","locations":[{"start":{"line":400,"column":7},"end":{"line":400,"column":52}},{"start":{"line":401,"column":7},"end":{"line":401,"column":46}},{"start":{"line":402,"column":6},"end":{"line":402,"column":39}},{"start":{"line":403,"column":6},"end":{"line":403,"column":16}}]},"19":{"loc":{"start":{"line":28,"column":20},"end":{"line":28,"column":null}},"type":"cond-expr","locations":[{"start":{"line":28,"column":33},"end":{"line":28,"column":null}},{"start":{"line":28,"column":33},"end":{"line":28,"column":null}}]},"20":{"loc":{"start":{"line":28,"column":20},"end":{"line":28,"column":33}},"type":"binary-expr","locations":[{"start":{"line":28,"column":20},"end":{"line":28,"column":null}},{"start":{"line":28,"column":20},"end":{"line":28,"column":33}}]},"21":{"loc":{"start":{"line":28,"column":33},"end":{"line":29,"column":null}},"type":"cond-expr","locations":[{"start":{"line":29,"column":34},"end":{"line":29,"column":null}},{"start":{"line":29,"column":34},"end":{"line":29,"column":null}}]},"22":{"loc":{"start":{"line":28,"column":33},"end":{"line":29,"column":34}},"type":"binary-expr","locations":[{"start":{"line":28,"column":33},"end":{"line":29,"column":null}},{"start":{"line":29,"column":24},"end":{"line":29,"column":34}}]},"23":{"loc":{"start":{"line":29,"column":34},"end":{"line":30,"column":null}},"type":"cond-expr","locations":[{"start":{"line":30,"column":40},"end":{"line":30,"column":null}},{"start":{"line":30,"column":40},"end":{"line":30,"column":null}}]},"24":{"loc":{"start":{"line":29,"column":34},"end":{"line":30,"column":40}},"type":"binary-expr","locations":[{"start":{"line":29,"column":34},"end":{"line":30,"column":null}},{"start":{"line":30,"column":27},"end":{"line":30,"column":40}}]},"25":{"loc":{"start":{"line":30,"column":40},"end":{"line":31,"column":null}},"type":"cond-expr","locations":[{"start":{"line":31,"column":38},"end":{"line":31,"column":null}},{"start":{"line":31,"column":38},"end":{"line":31,"column":null}}]},"26":{"loc":{"start":{"line":30,"column":40},"end":{"line":31,"column":38}},"type":"binary-expr","locations":[{"start":{"line":30,"column":40},"end":{"line":31,"column":null}},{"start":{"line":31,"column":26},"end":{"line":31,"column":38}}]}},"s":{"0":2,"1":2,"2":2,"3":2,"4":2,"5":2,"6":2,"7":2,"8":21,"9":21,"10":21,"11":21,"12":21,"13":21,"14":8,"15":8,"16":2,"17":2,"18":6,"19":1,"20":1,"21":5,"22":1,"23":1,"24":4,"25":4,"26":2,"27":2,"28":2,"29":1,"30":2,"31":2,"32":2,"33":1,"34":1,"35":2,"36":2,"37":2,"38":1,"39":1,"40":1,"41":1,"42":1,"43":1,"44":1,"45":5,"46":5,"47":1,"48":4,"49":1,"50":1,"51":1,"52":3,"53":1,"54":1,"55":2,"56":1,"57":1,"58":1,"59":1,"60":1,"61":1,"62":1,"63":1,"64":1,"65":1,"66":1,"67":1,"68":1,"69":1,"70":1,"71":1,"72":1,"73":1,"74":2,"75":2,"76":1,"77":1,"78":1,"79":2,"80":2,"81":1,"82":1,"83":2,"84":2,"85":2,"86":0,"87":2,"88":13,"89":1,"90":12,"91":2,"92":2},"f":{"0":21,"1":8,"2":1,"3":5,"4":1,"5":1,"6":1,"7":1,"8":2,"9":2,"10":2,"11":0,"12":2,"13":13},"b":{"0":[2,6],"1":[8,7],"2":[2,1],"3":[1,1],"4":[1,5],"5":[6,2],"6":[1,4],"7":[2,2],"8":[1,1],"9":[1,1],"10":[1,4],"11":[1,3],"12":[1,2],"13":[1,1],"14":[1,0],"15":[1,1],"16":[1,1],"17":[1,12],"18":[12,0,0,0],"19":[2,0],"20":[2,2],"21":[2,0],"22":[2,2],"23":[2,0],"24":[2,2],"25":[2,0],"26":[2,2]}}
,"/Users/bogdankopanicuk/Code/EMS/backend/src/auth/decorators/current-user.decorator.ts": {"path":"/Users/bogdankopanicuk/Code/EMS/backend/src/auth/decorators/current-user.decorator.ts","statementMap":{"0":{"start":{"line":1,"column":0},"end":{"line":1,"column":72}},"1":{"start":{"line":3,"column":13},"end":{"line":9,"column":2}},"2":{"start":{"line":5,"column":20},"end":{"line":5,"column":51}},"3":{"start":{"line":6,"column":17},"end":{"line":6,"column":29}},"4":{"start":{"line":7,"column":4},"end":{"line":7,"column":38}}},"fnMap":{"0":{"name":"(anonymous_0)","decl":{"start":{"line":4,"column":2},"end":{"line":4,"column":3}},"loc":{"start":{"line":4,"column":54},"end":{"line":8,"column":3}}}},"branchMap":{"0":{"loc":{"start":{"line":7,"column":11},"end":{"line":7,"column":37}},"type":"cond-expr","locations":[{"start":{"line":7,"column":18},"end":{"line":7,"column":30}},{"start":{"line":7,"column":33},"end":{"line":7,"column":37}}]}},"s":{"0":2,"1":2,"2":0,"3":0,"4":0},"f":{"0":0},"b":{"0":[0,0]}}
,"/Users/bogdankopanicuk/Code/EMS/backend/src/auth/decorators/roles.decorator.ts": {"path":"/Users/bogdankopanicuk/Code/EMS/backend/src/auth/decorators/roles.decorator.ts","statementMap":{"0":{"start":{"line":1,"column":0},"end":{"line":1,"column":45}},"1":{"start":{"line":4,"column":13},"end":{"line":4,"column":33}},"2":{"start":{"line":5,"column":21},"end":{"line":5,"column":72}},"3":{"start":{"line":5,"column":43},"end":{"line":5,"column":72}},"4":{"start":{"line":5,"column":13},"end":{"line":5,"column":21}}},"fnMap":{"0":{"name":"(anonymous_0)","decl":{"start":{"line":5,"column":21},"end":{"line":5,"column":22}},"loc":{"start":{"line":5,"column":43},"end":{"line":5,"column":72}}}},"branchMap":{},"s":{"0":2,"1":2,"2":2,"3":11,"4":2},"f":{"0":11},"b":{}}
,"/Users/bogdankopanicuk/Code/EMS/backend/src/auth/dto/login.dto.ts": {"path":"/Users/bogdankopanicuk/Code/EMS/backend/src/auth/dto/login.dto.ts","statementMap":{"0":{"start":{"line":1,"column":0},"end":{"line":1,"column":72}},"1":{"start":{"line":2,"column":0},"end":{"line":2,"column":46}},"2":{"start":{"line":4,"column":0},"end":{"line":4,"column":13}},"3":{"start":{"line":13,"column":2},"end":{"line":13,"column":null}},"4":{"start":{"line":5,"column":28},"end":{"line":5,"column":41}},"5":{"start":{"line":18,"column":2},"end":{"line":18,"column":null}}},"fnMap":{"0":{"name":"(anonymous_2)","decl":{"start":{"line":5,"column":13},"end":{"line":5,"column":14}},"loc":{"start":{"line":5,"column":28},"end":{"line":5,"column":41}}}},"branchMap":{},"s":{"0":1,"1":1,"2":1,"3":1,"4":0,"5":1},"f":{"0":0},"b":{}}
,"/Users/bogdankopanicuk/Code/EMS/backend/src/auth/dto/refresh-token.dto.ts": {"path":"/Users/bogdankopanicuk/Code/EMS/backend/src/auth/dto/refresh-token.dto.ts","statementMap":{"0":{"start":{"line":1,"column":0},"end":{"line":1,"column":55}},"1":{"start":{"line":3,"column":0},"end":{"line":3,"column":13}},"2":{"start":{"line":6,"column":2},"end":{"line":6,"column":null}}},"fnMap":{},"branchMap":{},"s":{"0":1,"1":1,"2":1},"f":{},"b":{}}
,"/Users/bogdankopanicuk/Code/EMS/backend/src/auth/guards/jwt-auth.guard.ts": {"path":"/Users/bogdankopanicuk/Code/EMS/backend/src/auth/guards/jwt-auth.guard.ts","statementMap":{"0":{"start":{"line":1,"column":0},"end":{"line":1,"column":44}},"1":{"start":{"line":2,"column":0},"end":{"line":2,"column":45}},"2":{"start":{"line":5,"column":7},"end":{"line":5,"column":null}},"3":{"start":{"line":5,"column":13},"end":{"line":5,"column":25}},"4":{"start":{"line":5,"column":13},"end":{"line":5,"column":null}}},"fnMap":{},"branchMap":{},"s":{"0":4,"1":4,"2":4,"3":4,"4":4},"f":{},"b":{}}
,"/Users/bogdankopanicuk/Code/EMS/backend/src/auth/guards/local-auth.guard.ts": {"path":"/Users/bogdankopanicuk/Code/EMS/backend/src/auth/guards/local-auth.guard.ts","statementMap":{"0":{"start":{"line":1,"column":0},"end":{"line":1,"column":44}},"1":{"start":{"line":2,"column":0},"end":{"line":2,"column":45}},"2":{"start":{"line":5,"column":7},"end":{"line":5,"column":null}},"3":{"start":{"line":5,"column":13},"end":{"line":5,"column":27}},"4":{"start":{"line":5,"column":13},"end":{"line":5,"column":null}}},"fnMap":{},"branchMap":{},"s":{"0":1,"1":1,"2":1,"3":1,"4":1},"f":{},"b":{}}
,"/Users/bogdankopanicuk/Code/EMS/backend/src/auth/guards/roles.guard.ts": {"path":"/Users/bogdankopanicuk/Code/EMS/backend/src/auth/guards/roles.guard.ts","statementMap":{"0":{"start":{"line":1,"column":0},"end":{"line":1,"column":75}},"1":{"start":{"line":2,"column":0},"end":{"line":2,"column":41}},"2":{"start":{"line":4,"column":0},"end":{"line":4,"column":58}},"3":{"start":{"line":7,"column":7},"end":{"line":28,"column":null}},"4":{"start":{"line":8,"column":22},"end":{"line":8,"column":33}},"5":{"start":{"line":11,"column":26},"end":{"line":14,"column":6}},"6":{"start":{"line":16,"column":4},"end":{"line":18,"column":5}},"7":{"start":{"line":17,"column":6},"end":{"line":17,"column":18}},"8":{"start":{"line":20,"column":21},"end":{"line":20,"column":56}},"9":{"start":{"line":22,"column":4},"end":{"line":24,"column":5}},"10":{"start":{"line":23,"column":6},"end":{"line":23,"column":19}},"11":{"start":{"line":26,"column":4},"end":{"line":26,"column":60}},"12":{"start":{"line":26,"column":40},"end":{"line":26,"column":58}},"13":{"start":{"line":7,"column":13},"end":{"line":7,"column":23}},"14":{"start":{"line":7,"column":13},"end":{"line":28,"column":null}}},"fnMap":{"0":{"name":"(anonymous_2)","decl":{"start":{"line":8,"column":2},"end":{"line":8,"column":22}},"loc":{"start":{"line":8,"column":42},"end":{"line":8,"column":46}}},"1":{"name":"(anonymous_3)","decl":{"start":{"line":10,"column":2},"end":{"line":10,"column":13}},"loc":{"start":{"line":10,"column":39},"end":{"line":27,"column":3}}},"2":{"name":"(anonymous_4)","decl":{"start":{"line":26,"column":30},"end":{"line":26,"column":31}},"loc":{"start":{"line":26,"column":40},"end":{"line":26,"column":58}}}},"branchMap":{"0":{"loc":{"start":{"line":16,"column":4},"end":{"line":18,"column":5}},"type":"if","locations":[{"start":{"line":16,"column":4},"end":{"line":18,"column":5}},{"start":{},"end":{}}]},"1":{"loc":{"start":{"line":22,"column":4},"end":{"line":24,"column":5}},"type":"if","locations":[{"start":{"line":22,"column":4},"end":{"line":24,"column":5}},{"start":{},"end":{}}]},"2":{"loc":{"start":{"line":8,"column":33},"end":{"line":8,"column":45}},"type":"cond-expr","locations":[{"start":{"line":8,"column":42},"end":{"line":8,"column":45}},{"start":{"line":8,"column":42},"end":{"line":8,"column":45}}]},"3":{"loc":{"start":{"line":8,"column":33},"end":{"line":8,"column":42}},"type":"binary-expr","locations":[{"start":{"line":8,"column":33},"end":{"line":8,"column":45}},{"start":{"line":8,"column":33},"end":{"line":8,"column":42}}]}},"s":{"0":2,"1":2,"2":2,"3":2,"4":24,"5":5,"6":5,"7":1,"8":4,"9":4,"10":1,"11":3,"12":4,"13":2,"14":2},"f":{"0":24,"1":5,"2":4},"b":{"0":[1,4],"1":[1,3],"2":[2,0],"3":[2,2]}}
,"/Users/bogdankopanicuk/Code/EMS/backend/src/auth/strategies/jwt.strategy.ts": {"path":"/Users/bogdankopanicuk/Code/EMS/backend/src/auth/strategies/jwt.strategy.ts","statementMap":{"0":{"start":{"line":1,"column":0},"end":{"line":1,"column":52}},"1":{"start":{"line":2,"column":0},"end":{"line":2,"column":52}},"2":{"start":{"line":3,"column":0},"end":{"line":3,"column":67}},"3":{"start":{"line":4,"column":0},"end":{"line":4,"column":47}},"4":{"start":{"line":5,"column":0},"end":{"line":5,"column":62}},"5":{"start":{"line":8,"column":7},"end":{"line":40,"column":null}},"6":{"start":{"line":13,"column":4},"end":{"line":17,"column":7}},"7":{"start":{"line":11,"column":12},"end":{"line":11,"column":20}},"8":{"start":{"line":21,"column":17},"end":{"line":23,"column":6}},"9":{"start":{"line":25,"column":4},"end":{"line":27,"column":5}},"10":{"start":{"line":26,"column":6},"end":{"line":26,"column":56}},"11":{"start":{"line":29,"column":4},"end":{"line":31,"column":5}},"12":{"start":{"line":30,"column":6},"end":{"line":30,"column":57}},"13":{"start":{"line":33,"column":4},"end":{"line":38,"column":6}},"14":{"start":{"line":8,"column":13},"end":{"line":8,"column":24}},"15":{"start":{"line":8,"column":13},"end":{"line":40,"column":null}}},"fnMap":{"0":{"name":"(anonymous_2)","decl":{"start":{"line":9,"column":2},"end":{"line":9,"column":null}},"loc":{"start":{"line":11,"column":33},"end":{"line":18,"column":3}}},"1":{"name":"(anonymous_3)","decl":{"start":{"line":20,"column":2},"end":{"line":20,"column":7}},"loc":{"start":{"line":20,"column":29},"end":{"line":39,"column":3}}}},"branchMap":{"0":{"loc":{"start":{"line":16,"column":19},"end":{"line":16,"column":78}},"type":"binary-expr","locations":[{"start":{"line":16,"column":19},"end":{"line":16,"column":58}},{"start":{"line":16,"column":62},"end":{"line":16,"column":78}}]},"1":{"loc":{"start":{"line":25,"column":4},"end":{"line":27,"column":5}},"type":"if","locations":[{"start":{"line":25,"column":4},"end":{"line":27,"column":5}},{"start":{},"end":{}}]},"2":{"loc":{"start":{"line":29,"column":4},"end":{"line":31,"column":5}},"type":"if","locations":[{"start":{"line":29,"column":4},"end":{"line":31,"column":5}},{"start":{},"end":{}}]},"3":{"loc":{"start":{"line":10,"column":19},"end":{"line":10,"column":null}},"type":"cond-expr","locations":[{"start":{"line":10,"column":32},"end":{"line":10,"column":null}},{"start":{"line":10,"column":32},"end":{"line":10,"column":null}}]},"4":{"loc":{"start":{"line":10,"column":19},"end":{"line":10,"column":32}},"type":"binary-expr","locations":[{"start":{"line":10,"column":19},"end":{"line":10,"column":null}},{"start":{"line":10,"column":19},"end":{"line":10,"column":32}}]},"5":{"loc":{"start":{"line":10,"column":32},"end":{"line":11,"column":null}},"type":"cond-expr","locations":[{"start":{"line":11,"column":33},"end":{"line":11,"column":null}},{"start":{"line":11,"column":33},"end":{"line":11,"column":null}}]},"6":{"loc":{"start":{"line":10,"column":32},"end":{"line":11,"column":33}},"type":"binary-expr","locations":[{"start":{"line":10,"column":32},"end":{"line":11,"column":null}},{"start":{"line":11,"column":20},"end":{"line":11,"column":33}}]}},"s":{"0":1,"1":1,"2":1,"3":1,"4":1,"5":1,"6":4,"7":4,"8":4,"9":4,"10":1,"11":3,"12":1,"13":2,"14":1,"15":1},"f":{"0":4,"1":4},"b":{"0":[4,4],"1":[1,3],"2":[1,2],"3":[1,0],"4":[1,1],"5":[1,0],"6":[1,1]}}
,"/Users/bogdankopanicuk/Code/EMS/backend/src/auth/strategies/local.strategy.ts": {"path":"/Users/bogdankopanicuk/Code/EMS/backend/src/auth/strategies/local.strategy.ts","statementMap":{"0":{"start":{"line":1,"column":0},"end":{"line":1,"column":42}},"1":{"start":{"line":2,"column":0},"end":{"line":2,"column":52}},"2":{"start":{"line":3,"column":0},"end":{"line":3,"column":67}},"3":{"start":{"line":4,"column":0},"end":{"line":4,"column":46}},"4":{"start":{"line":8,"column":7},"end":{"line":28,"column":null}},"5":{"start":{"line":10,"column":4},"end":{"line":14,"column":7}},"6":{"start":{"line":9,"column":22},"end":{"line":9,"column":35}},"7":{"start":{"line":22,"column":17},"end":{"line":22,"column":78}},"8":{"start":{"line":23,"column":4},"end":{"line":25,"column":5}},"9":{"start":{"line":24,"column":6},"end":{"line":24,"column":61}},"10":{"start":{"line":26,"column":4},"end":{"line":26,"column":16}},"11":{"start":{"line":8,"column":13},"end":{"line":8,"column":26}},"12":{"start":{"line":8,"column":13},"end":{"line":28,"column":null}}},"fnMap":{"0":{"name":"(anonymous_2)","decl":{"start":{"line":9,"column":2},"end":{"line":9,"column":22}},"loc":{"start":{"line":9,"column":46},"end":{"line":15,"column":3}}},"1":{"name":"(anonymous_3)","decl":{"start":{"line":17,"column":2},"end":{"line":17,"column":7}},"loc":{"start":{"line":20,"column":20},"end":{"line":27,"column":3}}}},"branchMap":{"0":{"loc":{"start":{"line":23,"column":4},"end":{"line":25,"column":5}},"type":"if","locations":[{"start":{"line":23,"column":4},"end":{"line":25,"column":5}},{"start":{},"end":{}}]},"1":{"loc":{"start":{"line":9,"column":35},"end":{"line":9,"column":null}},"type":"cond-expr","locations":[{"start":{"line":9,"column":46},"end":{"line":9,"column":null}},{"start":{"line":9,"column":46},"end":{"line":9,"column":null}}]},"2":{"loc":{"start":{"line":9,"column":35},"end":{"line":9,"column":46}},"type":"binary-expr","locations":[{"start":{"line":9,"column":35},"end":{"line":9,"column":null}},{"start":{"line":9,"column":35},"end":{"line":9,"column":46}}]}},"s":{"0":0,"1":0,"2":0,"3":0,"4":0,"5":0,"6":0,"7":0,"8":0,"9":0,"10":0,"11":0,"12":0},"f":{"0":0,"1":0},"b":{"0":[0,0],"1":[0,0],"2":[0,0]}}
,"/Users/bogdankopanicuk/Code/EMS/backend/src/common/filters/security-exception.filter.ts": {"path":"/Users/bogdankopanicuk/Code/EMS/backend/src/common/filters/security-exception.filter.ts","statementMap":{"0":{"start":{"line":1,"column":0},"end":{"line":1,"column":null}},"1":{"start":{"line":12,"column":36},"end":{"line":75,"column":null}},"2":{"start":{"line":13,"column":28},"end":{"line":13,"column":68}},"3":{"start":{"line":16,"column":16},"end":{"line":16,"column":35}},"4":{"start":{"line":17,"column":21},"end":{"line":17,"column":48}},"5":{"start":{"line":18,"column":20},"end":{"line":18,"column":45}},"6":{"start":{"line":20,"column":17},"end":{"line":20,"column":49}},"7":{"start":{"line":21,"column":18},"end":{"line":21,"column":41}},"8":{"start":{"line":22,"column":16},"end":{"line":22,"column":39}},"9":{"start":{"line":24,"column":4},"end":{"line":60,"column":5}},"10":{"start":{"line":25,"column":6},"end":{"line":25,"column":37}},"11":{"start":{"line":26,"column":32},"end":{"line":26,"column":55}},"12":{"start":{"line":28,"column":6},"end":{"line":33,"column":7}},"13":{"start":{"line":29,"column":8},"end":{"line":29,"column":74}},"14":{"start":{"line":30,"column":8},"end":{"line":30,"column":60}},"15":{"start":{"line":32,"column":8},"end":{"line":32,"column":47}},"16":{"start":{"line":36,"column":6},"end":{"line":49,"column":7}},"17":{"start":{"line":40,"column":8},"end":{"line":48,"column":11}},"18":{"start":{"line":52,"column":6},"end":{"line":59,"column":9}},"19":{"start":{"line":63,"column":4},"end":{"line":65,"column":5}},"20":{"start":{"line":64,"column":6},"end":{"line":64,"column":66}},"21":{"start":{"line":67,"column":4},"end":{"line":73,"column":7}},"22":{"start":{"line":12,"column":13},"end":{"line":12,"column":36}},"23":{"start":{"line":12,"column":13},"end":{"line":75,"column":null}}},"fnMap":{"0":{"name":"(anonymous_1)","decl":{"start":{"line":15,"column":2},"end":{"line":15,"column":7}},"loc":{"start":{"line":15,"column":47},"end":{"line":74,"column":3}}}},"branchMap":{"0":{"loc":{"start":{"line":24,"column":4},"end":{"line":60,"column":5}},"type":"if","locations":[{"start":{"line":24,"column":4},"end":{"line":60,"column":5}},{"start":{"line":50,"column":11},"end":{"line":60,"column":5}}]},"1":{"loc":{"start":{"line":28,"column":6},"end":{"line":33,"column":7}},"type":"if","locations":[{"start":{"line":28,"column":6},"end":{"line":33,"column":7}},{"start":{"line":31,"column":13},"end":{"line":33,"column":7}}]},"2":{"loc":{"start":{"line":28,"column":10},"end":{"line":28,"column":77}},"type":"binary-expr","locations":[{"start":{"line":28,"column":10},"end":{"line":28,"column":47}},{"start":{"line":28,"column":51},"end":{"line":28,"column":77}}]},"3":{"loc":{"start":{"line":29,"column":19},"end":{"line":29,"column":73}},"type":"binary-expr","locations":[{"start":{"line":29,"column":19},"end":{"line":29,"column":52}},{"start":{"line":29,"column":56},"end":{"line":29,"column":73}}]},"4":{"loc":{"start":{"line":30,"column":17},"end":{"line":30,"column":59}},"type":"binary-expr","locations":[{"start":{"line":30,"column":17},"end":{"line":30,"column":48}},{"start":{"line":30,"column":52},"end":{"line":30,"column":59}}]},"5":{"loc":{"start":{"line":36,"column":6},"end":{"line":49,"column":7}},"type":"if","locations":[{"start":{"line":36,"column":6},"end":{"line":49,"column":7}},{"start":{},"end":{}}]},"6":{"loc":{"start":{"line":37,"column":8},"end":{"line":38,"column":39}},"type":"binary-expr","locations":[{"start":{"line":37,"column":8},"end":{"line":37,"column":42}},{"start":{"line":38,"column":8},"end":{"line":38,"column":39}}]},"7":{"loc":{"start":{"line":63,"column":4},"end":{"line":65,"column":5}},"type":"if","locations":[{"start":{"line":63,"column":4},"end":{"line":65,"column":5}},{"start":{},"end":{}}]}},"s":{"0":0,"1":0,"2":0,"3":0,"4":0,"5":0,"6":0,"7":0,"8":0,"9":0,"10":0,"11":0,"12":0,"13":0,"14":0,"15":0,"16":0,"17":0,"18":0,"19":0,"20":0,"21":0,"22":0,"23":0},"f":{"0":0},"b":{"0":[0,0],"1":[0,0],"2":[0,0],"3":[0,0],"4":[0,0],"5":[0,0],"6":[0,0],"7":[0,0]}}
,"/Users/bogdankopanicuk/Code/EMS/backend/src/common/interceptors/sanitize-response.interceptor.ts": {"path":"/Users/bogdankopanicuk/Code/EMS/backend/src/common/interceptors/sanitize-response.interceptor.ts","statementMap":{"0":{"start":{"line":1,"column":0},"end":{"line":1,"column":null}},"1":{"start":{"line":8,"column":0},"end":{"line":8,"column":37}},"2":{"start":{"line":11,"column":7},"end":{"line":81,"column":null}},"3":{"start":{"line":13,"column":4},"end":{"line":13,"column":74}},"4":{"start":{"line":13,"column":44},"end":{"line":13,"column":71}},"5":{"start":{"line":17,"column":4},"end":{"line":19,"column":5}},"6":{"start":{"line":18,"column":6},"end":{"line":18,"column":18}},"7":{"start":{"line":24,"column":28},"end":{"line":31,"column":6}},"8":{"start":{"line":33,"column":4},"end":{"line":33,"column":61}},"9":{"start":{"line":37,"column":4},"end":{"line":39,"column":5}},"10":{"start":{"line":38,"column":6},"end":{"line":38,"column":17}},"11":{"start":{"line":41,"column":4},"end":{"line":43,"column":5}},"12":{"start":{"line":42,"column":6},"end":{"line":42,"column":73}},"13":{"start":{"line":42,"column":31},"end":{"line":42,"column":71}},"14":{"start":{"line":45,"column":20},"end":{"line":45,"column":30}},"15":{"start":{"line":47,"column":4},"end":{"line":62,"column":5}},"16":{"start":{"line":49,"column":25},"end":{"line":55,"column":8}},"17":{"start":{"line":57,"column":6},"end":{"line":61,"column":7}},"18":{"start":{"line":58,"column":8},"end":{"line":60,"column":9}},"19":{"start":{"line":59,"column":10},"end":{"line":59,"column":36}},"20":{"start":{"line":65,"column":4},"end":{"line":69,"column":5}},"21":{"start":{"line":66,"column":6},"end":{"line":68,"column":7}},"22":{"start":{"line":67,"column":8},"end":{"line":67,"column":72}},"23":{"start":{"line":71,"column":4},"end":{"line":71,"column":19}},"24":{"start":{"line":75,"column":4},"end":{"line":75,"column":73}},"25":{"start":{"line":75,"column":51},"end":{"line":75,"column":71}},"26":{"start":{"line":79,"column":4},"end":{"line":79,"column":73}},"27":{"start":{"line":79,"column":45},"end":{"line":79,"column":71}},"28":{"start":{"line":11,"column":13},"end":{"line":11,"column":40}},"29":{"start":{"line":11,"column":13},"end":{"line":81,"column":null}}},"fnMap":{"0":{"name":"(anonymous_1)","decl":{"start":{"line":12,"column":2},"end":{"line":12,"column":11}},"loc":{"start":{"line":12,"column":56},"end":{"line":14,"column":3}}},"1":{"name":"(anonymous_2)","decl":{"start":{"line":13,"column":34},"end":{"line":13,"column":35}},"loc":{"start":{"line":13,"column":44},"end":{"line":13,"column":71}}},"2":{"name":"(anonymous_3)","decl":{"start":{"line":16,"column":10},"end":{"line":16,"column":26}},"loc":{"start":{"line":16,"column":36},"end":{"line":34,"column":3}}},"3":{"name":"(anonymous_4)","decl":{"start":{"line":36,"column":10},"end":{"line":36,"column":31}},"loc":{"start":{"line":36,"column":58},"end":{"line":72,"column":3}}},"4":{"name":"(anonymous_5)","decl":{"start":{"line":42,"column":21},"end":{"line":42,"column":22}},"loc":{"start":{"line":42,"column":31},"end":{"line":42,"column":71}}},"5":{"name":"(anonymous_6)","decl":{"start":{"line":74,"column":10},"end":{"line":74,"column":21}},"loc":{"start":{"line":74,"column":33},"end":{"line":76,"column":3}}},"6":{"name":"(anonymous_7)","decl":{"start":{"line":75,"column":36},"end":{"line":75,"column":37}},"loc":{"start":{"line":75,"column":51},"end":{"line":75,"column":71}}},"7":{"name":"(anonymous_8)","decl":{"start":{"line":78,"column":10},"end":{"line":78,"column":21}},"loc":{"start":{"line":78,"column":33},"end":{"line":80,"column":3}}},"8":{"name":"(anonymous_9)","decl":{"start":{"line":79,"column":33},"end":{"line":79,"column":34}},"loc":{"start":{"line":79,"column":45},"end":{"line":79,"column":71}}}},"branchMap":{"0":{"loc":{"start":{"line":17,"column":4},"end":{"line":19,"column":5}},"type":"if","locations":[{"start":{"line":17,"column":4},"end":{"line":19,"column":5}},{"start":{},"end":{}}]},"1":{"loc":{"start":{"line":37,"column":4},"end":{"line":39,"column":5}},"type":"if","locations":[{"start":{"line":37,"column":4},"end":{"line":39,"column":5}},{"start":{},"end":{}}]},"2":{"loc":{"start":{"line":37,"column":8},"end":{"line":37,"column":47}},"type":"binary-expr","locations":[{"start":{"line":37,"column":8},"end":{"line":37,"column":31}},{"start":{"line":37,"column":35},"end":{"line":37,"column":47}}]},"3":{"loc":{"start":{"line":41,"column":4},"end":{"line":43,"column":5}},"type":"if","locations":[{"start":{"line":41,"column":4},"end":{"line":43,"column":5}},{"start":{},"end":{}}]},"4":{"loc":{"start":{"line":58,"column":8},"end":{"line":60,"column":9}},"type":"if","locations":[{"start":{"line":58,"column":8},"end":{"line":60,"column":9}},{"start":{},"end":{}}]},"5":{"loc":{"start":{"line":66,"column":6},"end":{"line":68,"column":7}},"type":"if","locations":[{"start":{"line":66,"column":6},"end":{"line":68,"column":7}},{"start":{},"end":{}}]},"6":{"loc":{"start":{"line":66,"column":10},"end":{"line":66,"column":73}},"type":"binary-expr","locations":[{"start":{"line":66,"column":10},"end":{"line":66,"column":37}},{"start":{"line":66,"column":41},"end":{"line":66,"column":73}}]}},"s":{"0":0,"1":0,"2":0,"3":0,"4":0,"5":0,"6":0,"7":0,"8":0,"9":0,"10":0,"11":0,"12":0,"13":0,"14":0,"15":0,"16":0,"17":0,"18":0,"19":0,"20":0,"21":0,"22":0,"23":0,"24":0,"25":0,"26":0,"27":0,"28":0,"29":0},"f":{"0":0,"1":0,"2":0,"3":0,"4":0,"5":0,"6":0,"7":0,"8":0},"b":{"0":[0,0],"1":[0,0],"2":[0,0],"3":[0,0],"4":[0,0],"5":[0,0],"6":[0,0]}}
,"/Users/bogdankopanicuk/Code/EMS/backend/src/common/middleware/sanitize.middleware.ts": {"path":"/Users/bogdankopanicuk/Code/EMS/backend/src/common/middleware/sanitize.middleware.ts","statementMap":{"0":{"start":{"line":1,"column":0},"end":{"line":1,"column":60}},"1":{"start":{"line":5,"column":7},"end":{"line":61,"column":null}},"2":{"start":{"line":8,"column":4},"end":{"line":10,"column":5}},"3":{"start":{"line":9,"column":6},"end":{"line":9,"column":47}},"4":{"start":{"line":15,"column":4},"end":{"line":15,"column":11}},"5":{"start":{"line":19,"column":4},"end":{"line":21,"column":5}},"6":{"start":{"line":20,"column":6},"end":{"line":20,"column":38}},"7":{"start":{"line":23,"column":4},"end":{"line":25,"column":5}},"8":{"start":{"line":24,"column":6},"end":{"line":24,"column":58}},"9":{"start":{"line":24,"column":31},"end":{"line":24,"column":56}},"10":{"start":{"line":27,"column":4},"end":{"line":37,"column":5}},"11":{"start":{"line":28,"column":29},"end":{"line":28,"column":31}},"12":{"start":{"line":29,"column":6},"end":{"line":35,"column":7}},"13":{"start":{"line":30,"column":8},"end":{"line":34,"column":9}},"14":{"start":{"line":32,"column":31},"end":{"line":32,"column":55}},"15":{"start":{"line":33,"column":10},"end":{"line":33,"column":66}},"16":{"start":{"line":36,"column":6},"end":{"line":36,"column":23}},"17":{"start":{"line":39,"column":4},"end":{"line":39,"column":15}},"18":{"start":{"line":43,"column":4},"end":{"line":45,"column":5}},"19":{"start":{"line":44,"column":6},"end":{"line":44,"column":17}},"20":{"start":{"line":48,"column":4},"end":{"line":51,"column":6}},"21":{"start":{"line":54,"column":4},"end":{"line":54,"column":21}},"22":{"start":{"line":57,"column":4},"end":{"line":57,"column":33}},"23":{"start":{"line":59,"column":4},"end":{"line":59,"column":15}},"24":{"start":{"line":5,"column":13},"end":{"line":5,"column":31}},"25":{"start":{"line":5,"column":13},"end":{"line":61,"column":null}}},"fnMap":{"0":{"name":"(anonymous_1)","decl":{"start":{"line":6,"column":2},"end":{"line":6,"column":5}},"loc":{"start":{"line":6,"column":53},"end":{"line":16,"column":3}}},"1":{"name":"(anonymous_2)","decl":{"start":{"line":18,"column":10},"end":{"line":18,"column":24}},"loc":{"start":{"line":18,"column":33},"end":{"line":40,"column":3}}},"2":{"name":"(anonymous_3)","decl":{"start":{"line":24,"column":21},"end":{"line":24,"column":22}},"loc":{"start":{"line":24,"column":31},"end":{"line":24,"column":56}}},"3":{"name":"(anonymous_4)","decl":{"start":{"line":42,"column":10},"end":{"line":42,"column":24}},"loc":{"start":{"line":42,"column":36},"end":{"line":60,"column":3}}}},"branchMap":{"0":{"loc":{"start":{"line":8,"column":4},"end":{"line":10,"column":5}},"type":"if","locations":[{"start":{"line":8,"column":4},"end":{"line":10,"column":5}},{"start":{},"end":{}}]},"1":{"loc":{"start":{"line":8,"column":8},"end":{"line":8,"column":48}},"type":"binary-expr","locations":[{"start":{"line":8,"column":8},"end":{"line":8,"column":16}},{"start":{"line":8,"column":20},"end":{"line":8,"column":48}}]},"2":{"loc":{"start":{"line":19,"column":4},"end":{"line":21,"column":5}},"type":"if","locations":[{"start":{"line":19,"column":4},"end":{"line":21,"column":5}},{"start":{},"end":{}}]},"3":{"loc":{"start":{"line":23,"column":4},"end":{"line":25,"column":5}},"type":"if","locations":[{"start":{"line":23,"column":4},"end":{"line":25,"column":5}},{"start":{},"end":{}}]},"4":{"loc":{"start":{"line":27,"column":4},"end":{"line":37,"column":5}},"type":"if","locations":[{"start":{"line":27,"column":4},"end":{"line":37,"column":5}},{"start":{},"end":{}}]},"5":{"loc":{"start":{"line":27,"column":8},"end":{"line":27,"column":47}},"type":"binary-expr","locations":[{"start":{"line":27,"column":8},"end":{"line":27,"column":20}},{"start":{"line":27,"column":24},"end":{"line":27,"column":47}}]},"6":{"loc":{"start":{"line":30,"column":8},"end":{"line":34,"column":9}},"type":"if","locations":[{"start":{"line":30,"column":8},"end":{"line":34,"column":9}},{"start":{},"end":{}}]},"7":{"loc":{"start":{"line":43,"column":4},"end":{"line":45,"column":5}},"type":"if","locations":[{"start":{"line":43,"column":4},"end":{"line":45,"column":5}},{"start":{},"end":{}}]}},"s":{"0":0,"1":0,"2":0,"3":0,"4":0,"5":0,"6":0,"7":0,"8":0,"9":0,"10":0,"11":0,"12":0,"13":0,"14":0,"15":0,"16":0,"17":0,"18":0,"19":0,"20":0,"21":0,"22":0,"23":0,"24":0,"25":0},"f":{"0":0,"1":0,"2":0,"3":0},"b":{"0":[0,0],"1":[0,0],"2":[0,0],"3":[0,0],"4":[0,0],"5":[0,0],"6":[0,0],"7":[0,0]}}
,"/Users/bogdankopanicuk/Code/EMS/backend/src/database/database.module.ts": {"path":"/Users/bogdankopanicuk/Code/EMS/backend/src/database/database.module.ts","statementMap":{"0":{"start":{"line":1,"column":0},"end":{"line":1,"column":48}},"1":{"start":{"line":2,"column":0},"end":{"line":2,"column":49}},"2":{"start":{"line":9,"column":7},"end":{"line":9,"column":null}},"3":{"start":{"line":9,"column":13},"end":{"line":9,"column":27}},"4":{"start":{"line":9,"column":13},"end":{"line":9,"column":null}}},"fnMap":{},"branchMap":{},"s":{"0":0,"1":0,"2":0,"3":0,"4":0},"f":{},"b":{}}
,"/Users/bogdankopanicuk/Code/EMS/backend/src/database/prisma.service.ts": {"path":"/Users/bogdankopanicuk/Code/EMS/backend/src/database/prisma.service.ts","statementMap":{"0":{"start":{"line":1,"column":0},"end":{"line":1,"column":75}},"1":{"start":{"line":2,"column":0},"end":{"line":2,"column":46}},"2":{"start":{"line":5,"column":7},"end":{"line":45,"column":null}},"3":{"start":{"line":10,"column":4},"end":{"line":15,"column":7}},"4":{"start":{"line":19,"column":4},"end":{"line":19,"column":26}},"5":{"start":{"line":23,"column":4},"end":{"line":23,"column":29}},"6":{"start":{"line":27,"column":4},"end":{"line":29,"column":5}},"7":{"start":{"line":28,"column":6},"end":{"line":28,"column":68}},"8":{"start":{"line":31,"column":19},"end":{"line":32,"column":null}},"9":{"start":{"line":32,"column":15},"end":{"line":32,"column":47}},"10":{"start":{"line":35,"column":4},"end":{"line":43,"column":6}},"11":{"start":{"line":37,"column":22},"end":{"line":37,"column":50}},"12":{"start":{"line":38,"column":8},"end":{"line":40,"column":9}},"13":{"start":{"line":39,"column":10},"end":{"line":39,"column":45}},"14":{"start":{"line":41,"column":8},"end":{"line":41,"column":20}},"15":{"start":{"line":5,"column":13},"end":{"line":5,"column":26}},"16":{"start":{"line":5,"column":13},"end":{"line":45,"column":null}}},"fnMap":{"0":{"name":"(anonymous_2)","decl":{"start":{"line":9,"column":2},"end":{"line":9,"column":null}},"loc":{"start":{"line":9,"column":2},"end":{"line":16,"column":3}}},"1":{"name":"(anonymous_3)","decl":{"start":{"line":18,"column":2},"end":{"line":18,"column":7}},"loc":{"start":{"line":18,"column":20},"end":{"line":20,"column":3}}},"2":{"name":"(anonymous_4)","decl":{"start":{"line":22,"column":2},"end":{"line":22,"column":7}},"loc":{"start":{"line":22,"column":23},"end":{"line":24,"column":3}}},"3":{"name":"(anonymous_5)","decl":{"start":{"line":26,"column":2},"end":{"line":26,"column":7}},"loc":{"start":{"line":26,"column":21},"end":{"line":44,"column":3}}},"4":{"name":"(anonymous_6)","decl":{"start":{"line":32,"column":6},"end":{"line":32,"column":7}},"loc":{"start":{"line":32,"column":15},"end":{"line":32,"column":47}}},"5":{"name":"(anonymous_7)","decl":{"start":{"line":36,"column":17},"end":{"line":36,"column":18}},"loc":{"start":{"line":36,"column":30},"end":{"line":42,"column":7}}}},"branchMap":{"0":{"loc":{"start":{"line":12,"column":8},"end":{"line":14,"column":21}},"type":"cond-expr","locations":[{"start":{"line":13,"column":12},"end":{"line":13,"column":38}},{"start":{"line":14,"column":12},"end":{"line":14,"column":21}}]},"1":{"loc":{"start":{"line":27,"column":4},"end":{"line":29,"column":5}},"type":"if","locations":[{"start":{"line":27,"column":4},"end":{"line":29,"column":5}},{"start":{},"end":{}}]},"2":{"loc":{"start":{"line":32,"column":15},"end":{"line":32,"column":47}},"type":"binary-expr","locations":[{"start":{"line":32,"column":15},"end":{"line":32,"column":29}},{"start":{"line":32,"column":33},"end":{"line":32,"column":47}}]},"3":{"loc":{"start":{"line":38,"column":8},"end":{"line":40,"column":9}},"type":"if","locations":[{"start":{"line":38,"column":8},"end":{"line":40,"column":9}},{"start":{},"end":{}}]},"4":{"loc":{"start":{"line":38,"column":12},"end":{"line":38,"column":71}},"type":"binary-expr","locations":[{"start":{"line":38,"column":12},"end":{"line":38,"column":17}},{"start":{"line":38,"column":21},"end":{"line":38,"column":46}},{"start":{"line":38,"column":50},"end":{"line":38,"column":71}}]}},"s":{"0":10,"1":10,"2":10,"3":7,"4":2,"5":2,"6":1,"7":1,"8":0,"9":0,"10":0,"11":0,"12":0,"13":0,"14":0,"15":10,"16":10},"f":{"0":7,"1":2,"2":2,"3":1,"4":0,"5":0},"b":{"0":[0,7],"1":[1,0],"2":[0,0],"3":[0,0],"4":[0,0,0]}}
,"/Users/bogdankopanicuk/Code/EMS/backend/src/health/health.controller.ts": {"path":"/Users/bogdankopanicuk/Code/EMS/backend/src/health/health.controller.ts","statementMap":{"0":{"start":{"line":1,"column":0},"end":{"line":1,"column":49}},"1":{"start":{"line":2,"column":0},"end":{"line":2,"column":59}},"2":{"start":{"line":5,"column":7},"end":{"line":65,"column":null}},"3":{"start":{"line":6,"column":22},"end":{"line":6,"column":30}},"4":{"start":{"line":10,"column":4},"end":{"line":29,"column":5}},"5":{"start":{"line":12,"column":6},"end":{"line":12,"column":44}},"6":{"start":{"line":14,"column":6},"end":{"line":20,"column":8}},"7":{"start":{"line":22,"column":6},"end":{"line":28,"column":8}},"8":{"start":{"line":34,"column":4},"end":{"line":63,"column":5}},"9":{"start":{"line":36,"column":6},"end":{"line":36,"column":44}},"10":{"start":{"line":39,"column":23},"end":{"line":39,"column":44}},"11":{"start":{"line":40,"column":25},"end":{"line":40,"column":68}},"12":{"start":{"line":41,"column":26},"end":{"line":41,"column":70}},"13":{"start":{"line":43,"column":6},"end":{"line":54,"column":8}},"14":{"start":{"line":56,"column":6},"end":{"line":62,"column":8}},"15":{"start":{"line":5,"column":13},"end":{"line":5,"column":29}},"16":{"start":{"line":9,"column":8},"end":{"line":30,"column":null}},"17":{"start":{"line":33,"column":8},"end":{"line":64,"column":null}},"18":{"start":{"line":5,"column":13},"end":{"line":65,"column":null}}},"fnMap":{"0":{"name":"(anonymous_2)","decl":{"start":{"line":6,"column":2},"end":{"line":6,"column":22}},"loc":{"start":{"line":6,"column":43},"end":{"line":6,"column":47}}},"1":{"name":"(anonymous_3)","decl":{"start":{"line":9,"column":8},"end":{"line":9,"column":13}},"loc":{"start":{"line":9,"column":13},"end":{"line":30,"column":3}}},"2":{"name":"(anonymous_4)","decl":{"start":{"line":33,"column":8},"end":{"line":33,"column":13}},"loc":{"start":{"line":33,"column":13},"end":{"line":64,"column":3}}}},"branchMap":{"0":{"loc":{"start":{"line":6,"column":30},"end":{"line":6,"column":46}},"type":"cond-expr","locations":[{"start":{"line":6,"column":43},"end":{"line":6,"column":46}},{"start":{"line":6,"column":43},"end":{"line":6,"column":46}}]},"1":{"loc":{"start":{"line":6,"column":30},"end":{"line":6,"column":43}},"type":"binary-expr","locations":[{"start":{"line":6,"column":30},"end":{"line":6,"column":46}},{"start":{"line":6,"column":30},"end":{"line":6,"column":43}}]}},"s":{"0":1,"1":1,"2":1,"3":7,"4":3,"5":3,"6":2,"7":1,"8":4,"9":4,"10":3,"11":3,"12":3,"13":3,"14":1,"15":1,"16":1,"17":1,"18":1},"f":{"0":7,"1":3,"2":4},"b":{"0":[1,0],"1":[1,1]}}
,"/Users/bogdankopanicuk/Code/EMS/backend/src/health/health.module.ts": {"path":"/Users/bogdankopanicuk/Code/EMS/backend/src/health/health.module.ts","statementMap":{"0":{"start":{"line":1,"column":0},"end":{"line":1,"column":40}},"1":{"start":{"line":2,"column":0},"end":{"line":2,"column":55}},"2":{"start":{"line":3,"column":0},"end":{"line":3,"column":61}},"3":{"start":{"line":9,"column":7},"end":{"line":9,"column":null}},"4":{"start":{"line":9,"column":13},"end":{"line":9,"column":25}},"5":{"start":{"line":9,"column":13},"end":{"line":9,"column":null}}},"fnMap":{},"branchMap":{},"s":{"0":0,"1":0,"2":0,"3":0,"4":0,"5":0},"f":{},"b":{}}
,"/Users/bogdankopanicuk/Code/EMS/backend/src/profile/profile.controller.ts": {"path":"/Users/bogdankopanicuk/Code/EMS/backend/src/profile/profile.controller.ts","statementMap":{"0":{"start":{"line":1,"column":0},"end":{"line":1,"column":null}},"1":{"start":{"line":10,"column":0},"end":{"line":10,"column":51}},"2":{"start":{"line":11,"column":0},"end":{"line":11,"column":60}},"3":{"start":{"line":12,"column":0},"end":{"line":12,"column":62}},"4":{"start":{"line":13,"column":0},"end":{"line":13,"column":61}},"5":{"start":{"line":14,"column":0},"end":{"line":14,"column":72}},"6":{"start":{"line":18,"column":7},"end":{"line":46,"column":null}},"7":{"start":{"line":19,"column":31},"end":{"line":19,"column":47}},"8":{"start":{"line":23,"column":4},"end":{"line":23,"column":50}},"9":{"start":{"line":31,"column":4},"end":{"line":31,"column":71}},"10":{"start":{"line":40,"column":4},"end":{"line":44,"column":6}},"11":{"start":{"line":18,"column":13},"end":{"line":18,"column":30}},"12":{"start":{"line":22,"column":2},"end":{"line":24,"column":null}},"13":{"start":{"line":27,"column":2},"end":{"line":32,"column":null}},"14":{"start":{"line":35,"column":2},"end":{"line":45,"column":null}},"15":{"start":{"line":18,"column":13},"end":{"line":46,"column":null}}},"fnMap":{"0":{"name":"(anonymous_4)","decl":{"start":{"line":19,"column":2},"end":{"line":19,"column":31}},"loc":{"start":{"line":19,"column":61},"end":{"line":19,"column":65}}},"1":{"name":"(anonymous_5)","decl":{"start":{"line":22,"column":2},"end":{"line":22,"column":12}},"loc":{"start":{"line":22,"column":46},"end":{"line":24,"column":3}}},"2":{"name":"(anonymous_6)","decl":{"start":{"line":27,"column":2},"end":{"line":27,"column":15}},"loc":{"start":{"line":29,"column":46},"end":{"line":32,"column":3}}},"3":{"name":"(anonymous_7)","decl":{"start":{"line":35,"column":2},"end":{"line":35,"column":16}},"loc":{"start":{"line":38,"column":48},"end":{"line":45,"column":3}}}},"branchMap":{"0":{"loc":{"start":{"line":29,"column":30},"end":{"line":29,"column":null}},"type":"cond-expr","locations":[{"start":{"line":29,"column":46},"end":{"line":29,"column":null}},{"start":{"line":29,"column":46},"end":{"line":29,"column":null}}]},"1":{"loc":{"start":{"line":29,"column":30},"end":{"line":29,"column":46}},"type":"binary-expr","locations":[{"start":{"line":29,"column":30},"end":{"line":29,"column":null}},{"start":{"line":29,"column":30},"end":{"line":29,"column":46}}]},"2":{"loc":{"start":{"line":38,"column":31},"end":{"line":38,"column":null}},"type":"cond-expr","locations":[{"start":{"line":38,"column":48},"end":{"line":38,"column":null}},{"start":{"line":38,"column":48},"end":{"line":38,"column":null}}]},"3":{"loc":{"start":{"line":38,"column":31},"end":{"line":38,"column":48}},"type":"binary-expr","locations":[{"start":{"line":38,"column":31},"end":{"line":38,"column":null}},{"start":{"line":38,"column":31},"end":{"line":38,"column":48}}]},"4":{"loc":{"start":{"line":19,"column":47},"end":{"line":19,"column":64}},"type":"cond-expr","locations":[{"start":{"line":19,"column":61},"end":{"line":19,"column":64}},{"start":{"line":19,"column":61},"end":{"line":19,"column":64}}]},"5":{"loc":{"start":{"line":19,"column":47},"end":{"line":19,"column":61}},"type":"binary-expr","locations":[{"start":{"line":19,"column":47},"end":{"line":19,"column":64}},{"start":{"line":19,"column":47},"end":{"line":19,"column":61}}]}},"s":{"0":1,"1":1,"2":1,"3":1,"4":1,"5":1,"6":1,"7":9,"8":2,"9":3,"10":4,"11":1,"12":1,"13":1,"14":1,"15":1},"f":{"0":9,"1":2,"2":3,"3":4},"b":{"0":[1,0],"1":[1,1],"2":[1,0],"3":[1,1],"4":[1,0],"5":[1,1]}}
,"/Users/bogdankopanicuk/Code/EMS/backend/src/profile/profile.module.ts": {"path":"/Users/bogdankopanicuk/Code/EMS/backend/src/profile/profile.module.ts","statementMap":{"0":{"start":{"line":1,"column":0},"end":{"line":1,"column":40}},"1":{"start":{"line":2,"column":0},"end":{"line":2,"column":51}},"2":{"start":{"line":3,"column":0},"end":{"line":3,"column":57}},"3":{"start":{"line":4,"column":0},"end":{"line":4,"column":61}},"4":{"start":{"line":11,"column":7},"end":{"line":11,"column":null}},"5":{"start":{"line":11,"column":13},"end":{"line":11,"column":26}},"6":{"start":{"line":11,"column":13},"end":{"line":11,"column":null}}},"fnMap":{},"branchMap":{},"s":{"0":0,"1":0,"2":0,"3":0,"4":0,"5":0,"6":0},"f":{},"b":{}}
,"/Users/bogdankopanicuk/Code/EMS/backend/src/profile/profile.service.ts": {"path":"/Users/bogdankopanicuk/Code/EMS/backend/src/profile/profile.service.ts","statementMap":{"0":{"start":{"line":1,"column":0},"end":{"line":1,"column":null}},"1":{"start":{"line":6,"column":0},"end":{"line":6,"column":59}},"2":{"start":{"line":9,"column":0},"end":{"line":9,"column":33}},"3":{"start":{"line":10,"column":0},"end":{"line":10,"column":38}},"4":{"start":{"line":13,"column":7},"end":{"line":106,"column":null}},"5":{"start":{"line":14,"column":22},"end":{"line":14,"column":30}},"6":{"start":{"line":17,"column":17},"end":{"line":30,"column":6}},"7":{"start":{"line":32,"column":4},"end":{"line":34,"column":5}},"8":{"start":{"line":33,"column":6},"end":{"line":33,"column":56}},"9":{"start":{"line":36,"column":4},"end":{"line":36,"column":16}},"10":{"start":{"line":40,"column":17},"end":{"line":45,"column":6}},"11":{"start":{"line":47,"column":4},"end":{"line":49,"column":5}},"12":{"start":{"line":48,"column":6},"end":{"line":48,"column":56}},"13":{"start":{"line":51,"column":24},"end":{"line":62,"column":6}},"14":{"start":{"line":64,"column":4},"end":{"line":64,"column":23}},"15":{"start":{"line":73,"column":4},"end":{"line":75,"column":5}},"16":{"start":{"line":74,"column":6},"end":{"line":74,"column":74}},"17":{"start":{"line":77,"column":17},"end":{"line":82,"column":6}},"18":{"start":{"line":84,"column":4},"end":{"line":86,"column":5}},"19":{"start":{"line":85,"column":6},"end":{"line":85,"column":56}},"20":{"start":{"line":88,"column":28},"end":{"line":90,"column":null}},"21":{"start":{"line":93,"column":4},"end":{"line":95,"column":5}},"22":{"start":{"line":94,"column":6},"end":{"line":94,"column":71}},"23":{"start":{"line":97,"column":27},"end":{"line":97,"column":79}},"24":{"start":{"line":99,"column":4},"end":{"line":102,"column":7}},"25":{"start":{"line":104,"column":4},"end":{"line":104,"column":56}},"26":{"start":{"line":13,"column":13},"end":{"line":13,"column":27}},"27":{"start":{"line":13,"column":13},"end":{"line":106,"column":null}}},"fnMap":{"0":{"name":"(anonymous_11)","decl":{"start":{"line":14,"column":2},"end":{"line":14,"column":22}},"loc":{"start":{"line":14,"column":43},"end":{"line":14,"column":47}}},"1":{"name":"(anonymous_12)","decl":{"start":{"line":16,"column":2},"end":{"line":16,"column":7}},"loc":{"start":{"line":16,"column":33},"end":{"line":37,"column":3}}},"2":{"name":"(anonymous_13)","decl":{"start":{"line":39,"column":2},"end":{"line":39,"column":7}},"loc":{"start":{"line":39,"column":72},"end":{"line":65,"column":3}}},"3":{"name":"(anonymous_14)","decl":{"start":{"line":67,"column":2},"end":{"line":67,"column":7}},"loc":{"start":{"line":70,"column":18},"end":{"line":105,"column":3}}}},"branchMap":{"0":{"loc":{"start":{"line":32,"column":4},"end":{"line":34,"column":5}},"type":"if","locations":[{"start":{"line":32,"column":4},"end":{"line":34,"column":5}},{"start":{},"end":{}}]},"1":{"loc":{"start":{"line":47,"column":4},"end":{"line":49,"column":5}},"type":"if","locations":[{"start":{"line":47,"column":4},"end":{"line":49,"column":5}},{"start":{},"end":{}}]},"2":{"loc":{"start":{"line":73,"column":4},"end":{"line":75,"column":5}},"type":"if","locations":[{"start":{"line":73,"column":4},"end":{"line":75,"column":5}},{"start":{},"end":{}}]},"3":{"loc":{"start":{"line":84,"column":4},"end":{"line":86,"column":5}},"type":"if","locations":[{"start":{"line":84,"column":4},"end":{"line":86,"column":5}},{"start":{},"end":{}}]},"4":{"loc":{"start":{"line":93,"column":4},"end":{"line":95,"column":5}},"type":"if","locations":[{"start":{"line":93,"column":4},"end":{"line":95,"column":5}},{"start":{},"end":{}}]},"5":{"loc":{"start":{"line":14,"column":30},"end":{"line":14,"column":46}},"type":"cond-expr","locations":[{"start":{"line":14,"column":43},"end":{"line":14,"column":46}},{"start":{"line":14,"column":43},"end":{"line":14,"column":46}}]},"6":{"loc":{"start":{"line":14,"column":30},"end":{"line":14,"column":43}},"type":"binary-expr","locations":[{"start":{"line":14,"column":30},"end":{"line":14,"column":46}},{"start":{"line":14,"column":30},"end":{"line":14,"column":43}}]}},"s":{"0":2,"1":2,"2":2,"3":2,"4":2,"5":12,"6":3,"7":3,"8":2,"9":1,"10":4,"11":4,"12":2,"13":2,"14":2,"15":5,"16":1,"17":4,"18":4,"19":
[...]
,"4":{"name":"(anonymous_8)","decl":{"start":{"line":58,"column":2},"end":{"line":58,"column":9}},"loc":{"start":{"line":58,"column":33},"end":{"line":60,"column":3}}},"5":{"name":"(anonymous_9)","decl":{"start":{"line":64,"column":2},"end":{"line":64,"column":8}},"loc":{"start":{"line":64,"column":70},"end":{"line":66,"column":3}}},"6":{"name":"(anonymous_10)","decl":{"start":{"line":70,"column":2},"end":{"line":70,"column":8}},"loc":{"start":{"line":70,"column":32},"end":{"line":72,"column":3}}},"7":{"name":"(anonymous_11)","decl":{"start":{"line":76,"column":2},"end":{"line":76,"column":11}},"loc":{"start":{"line":76,"column":35},"end":{"line":78,"column":3}}},"8":{"name":"(anonymous_12)","decl":{"start":{"line":82,"column":2},"end":{"line":82,"column":13}},"loc":{"start":{"line":82,"column":37},"end":{"line":84,"column":3}}},"9":{"name":"(anonymous_13)","decl":{"start":{"line":88,"column":2},"end":{"line":88,"column":12}},"loc":{"start":{"line":88,"column":74},"end":{"line":90,"column":3}}},"10":{"name":"(anonymous_14)","decl":{"start":{"line":94,"column":2},"end":{"line":94,"column":9}},"loc":{"start":{"line":94,"column":33},"end":{"line":96,"column":3}}},"11":{"name":"(anonymous_15)","decl":{"start":{"line":100,"column":2},"end":{"line":100,"column":19}},"loc":{"start":{"line":100,"column":43},"end":{"line":102,"column":3}}}},"branchMap":{"0":{"loc":{"start":{"line":29,"column":32},"end":{"line":29,"column":null}},"type":"cond-expr","locations":[{"start":{"line":29,"column":45},"end":{"line":29,"column":null}},{"start":{"line":29,"column":45},"end":{"line":29,"column":null}}]},"1":{"loc":{"start":{"line":29,"column":32},"end":{"line":29,"column":45}},"type":"binary-expr","locations":[{"start":{"line":29,"column":32},"end":{"line":29,"column":null}},{"start":{"line":29,"column":32},"end":{"line":29,"column":45}}]},"2":{"loc":{"start":{"line":64,"column":57},"end":{"line":64,"column":null}},"type":"cond-expr","locations":[{"start":{"line":64,"column":70},"end":{"line":64,"column":null}},{"start":{"line":64,"column":70},"end":{"line":64,"column":null}}]},"3":{"loc":{"start":{"line":64,"column":57},"end":{"line":64,"column":70}},"type":"binary-expr","locations":[{"start":{"line":64,"column":57},"end":{"line":64,"column":null}},{"start":{"line":64,"column":57},"end":{"line":64,"column":70}}]},"4":{"loc":{"start":{"line":25,"column":45},"end":{"line":25,"column":60}},"type":"cond-expr","locations":[{"start":{"line":25,"column":57},"end":{"line":25,"column":60}},{"start":{"line":25,"column":57},"end":{"line":25,"column":60}}]},"5":{"loc":{"start":{"line":25,"column":45},"end":{"line":25,"column":57}},"type":"binary-expr","locations":[{"start":{"line":25,"column":45},"end":{"line":25,"column":60}},{"start":{"line":25,"column":45},"end":{"line":25,"column":57}}]}},"s":{"0":1,"1":1,"2":1,"3":1,"4":1,"5":1,"6":1,"7":1,"8":1,"9":19,"10":2,"11":2,"12":2,"13":1,"14":1,"15":2,"16":2,"17":2,"18":2,"19":2,"20":2,"21":2,"22":0,"23":1,"24":1,"25":1,"26":1,"27":1,"28":1,"29":1,"30":1,"31":1,"32":1,"33":1,"34":1,"35":1},"f":{"0":19,"1":2,"2":2,"3":1,"4":2,"5":2,"6":2,"7":2,"8":2,"9":2,"10":2,"11":0},"b":{"0":[1,0],"1":[1,1],"2":[1,0],"3":[1,1],"4":[1,0],"5":[1,1]}}
,"/Users/bogdankopanicuk/Code/EMS/backend/src/users/users.module.ts": {"path":"/Users/bogdankopanicuk/Code/EMS/backend/src/users/users.module.ts","statementMap":{"0":{"start":{"line":1,"column":0},"end":{"line":1,"column":40}},"1":{"start":{"line":2,"column":0},"end":{"line":2,"column":47}},"2":{"start":{"line":3,"column":0},"end":{"line":3,"column":53}},"3":{"start":{"line":4,"column":0},"end":{"line":4,"column":61}},"4":{"start":{"line":12,"column":7},"end":{"line":12,"column":null}},"5":{"start":{"line":12,"column":13},"end":{"line":12,"column":24}},"6":{"start":{"line":12,"column":13},"end":{"line":12,"column":null}}},"fnMap":{},"branchMap":{},"s":{"0":0,"1":0,"2":0,"3":0,"4":0,"5":0,"6":0},"f":{},"b":{}}
,"/Users/bogdankopanicuk/Code/EMS/backend/src/users/users.service.ts": {"path":"/Users/bogdankopanicuk/Code/EMS/backend/src/users/users.service.ts","statementMap":{"0":{"start":{"line":1,"column":0},"end":{"line":1,"column":null}},"1":{"start":{"line":7,"column":0},"end":{"line":7,"column":59}},"2":{"start":{"line":10,"column":0},"end":{"line":10,"column":33}},"3":{"start":{"line":11,"column":0},"end":{"line":11,"column":40}},"4":{"start":{"line":14,"column":7},"end":{"line":379,"column":null}},"5":{"start":{"line":15,"column":22},"end":{"line":15,"column":30}},"6":{"start":{"line":18,"column":38},"end":{"line":18,"column":51}},"7":{"start":{"line":21,"column":25},"end":{"line":25,"column":6}},"8":{"start":{"line":27,"column":4},"end":{"line":34,"column":5}},"9":{"start":{"line":28,"column":6},"end":{"line":32,"column":7}},"10":{"start":{"line":29,"column":8},"end":{"line":31,"column":10}},"11":{"start":{"line":33,"column":6},"end":{"line":33,"column":73}},"12":{"start":{"line":36,"column":27},"end":{"line":36,"column":58}},"13":{"start":{"line":38,"column":4},"end":{"line":62,"column":5}},"14":{"start":{"line":39,"column":19},"end":{"line":52,"column":8}},"15":{"start":{"line":54,"column":6},"end":{"line":54,"column":18}},"16":{"start":{"line":56,"column":6},"end":{"line":60,"column":7}},"17":{"start":{"line":57,"column":8},"end":{"line":59,"column":9}},"18":{"start":{"line":58,"column":10},"end":{"line":58,"column":77}},"19":{"start":{"line":61,"column":6},"end":{"line":61,"column":18}},"20":{"start":{"line":71,"column":52},"end":{"line":71,"column":64}},"21":{"start":{"line":74,"column":29},"end":{"line":77,"column":6}},"22":{"start":{"line":79,"column":27},"end":{"line":96,"column":6}},"23":{"start":{"line":98,"column":4},"end":{"line":105,"column":6}},"24":{"start":{"line":109,"column":17},"end":{"line":123,"column":6}},"25":{"start":{"line":125,"column":4},"end":{"line":127,"column":5}},"26":{"start":{"line":126,"column":6},"end":{"line":126,"column":52}},"27":{"start":{"line":129,"column":4},"end":{"line":129,"column":16}},"28":{"start":{"line":133,"column":17},"end":{"line":138,"column":6}},"29":{"start":{"line":140,"column":4},"end":{"line":142,"column":5}},"30":{"start":{"line":141,"column":6},"end":{"line":141,"column":52}},"31":{"start":{"line":144,"column":28},"end":{"line":144,"column":48}},"32":{"start":{"line":146,"column":4},"end":{"line":148,"column":5}},"33":{"start":{"line":147,"column":6},"end":{"line":147,"column":74}},"34":{"start":{"line":150,"column":24},"end":{"line":162,"column":6}},"35":{"start":{"line":164,"column":4},"end":{"line":164,"column":23}},"36":{"start":{"line":168,"column":17},"end":{"line":173,"column":6}},"37":{"start":{"line":175,"column":4},"end":{"line":177,"column":5}},"38":{"start":{"line":176,"column":6},"end":{"line":176,"column":52}},"39":{"start":{"line":180,"column":4},"end":{"line":192,"column":7}},"40":{"start":{"line":194,"column":4},"end":{"line":194,"column":52}},"41":{"start":{"line":198,"column":17},"end":{"line":203,"column":6}},"42":{"start":{"line":205,"column":4},"end":{"line":207,"column":5}},"43":{"start":{"line":206,"column":6},"end":{"line":206,"column":52}},"44":{"start":{"line":209,"column":24},"end":{"line":219,"column":6}},"45":{"start":{"line":221,"column":4},"end":{"line":221,"column":23}},"46":{"start":{"line":225,"column":17},"end":{"line":230,"column":6}},"47":{"start":{"line":232,"column":4},"end":{"line":234,"column":5}},"48":{"start":{"line":233,"column":6},"end":{"line":233,"column":52}},"49":{"start":{"line":236,"column":24},"end":{"line":246,"column":6}},"50":{"start":{"line":248,"column":4},"end":{"line":248,"column":23}},"51":{"start":{"line":252,"column":17},"end":{"line":257,"column":6}},"52":{"start":{"line":259,"column":4},"end":{"line":261,"column":5}},"53":{"start":{"line":260,"column":6},"end":{"line":260,"column":52}},"54":{"start":{"line":263,"column":24},"end":{"line":273,"column":6}},"55":{"start":{"line":275,"column":4},"end":{"line":275,"column":23}},"56":{"start":{"line":279,"column":17},"end":{"line":284,"column":6}},"57":{"start":{"line":286,"column":4},"end":{"line":288,"column":5}},"58":{"start":{"line":287,"column":6},"end":{"line":287,"column":60}},"59":{"start":{"line":290,"column":25},"end":{"line":305,"column":6}},"60":{"start":{"line":307,"column":4},"end":{"line":307,"column":24}},"61":{"start":{"line":311,"column":36},"end":{"line":311,"column":48}},"62":{"start":{"line":313,"column":27},"end":{"line":335,"column":6}},"63":{"start":{"line":337,"column":4},"end":{"line":344,"column":6}},"64":{"start":{"line":348,"column":17},"end":{"line":353,"column":6}},"65":{"start":{"line":355,"column":4},"end":{"line":357,"column":5}},"66":{"start":{"line":356,"column":6},"end":{"line":356,"column":60}},"67":{"start":{"line":360,"column":4},"end":{"line":375,"column":7}},"68":{"start":{"line":362,"column":6},"end":{"line":364,"column":9}},"69":{"start":{"line":367,"column":6},"end":{"line":369,"column":9}},"70":{"start":{"line":372,"column":6},"end":{"line":374,"column":9}},"71":{"start":{"line":377,"column":4},"end":{"line":377,"column":51}},"72":{"start":{"line":14,"column":13},"end":{"line":14,"column":25}},"73":{"start":{"line":14,"column":13},"end":{"line":379,"column":null}}},"fnMap":{"0":{"name":"(anonymous_11)","decl":{"start":{"line":15,"column":2},"end":{"line":15,"column":22}},"loc":{"start":{"line":15,"column":43},"end":{"line":15,"column":47}}},"1":{"name":"(anonymous_12)","decl":{"start":{"line":17,"column":2},"end":{"line":17,"column":7}},"loc":{"start":{"line":17,"column":43},"end":{"line":63,"column":3}}},"2":{"name":"(anonymous_13)","decl":{"start":{"line":65,"column":2},"end":{"line":65,"column":7}},"loc":{"start":{"line":70,"column":3},"end":{"line":106,"column":3}}},"3":{"name":"(anonymous_14)","decl":{"start":{"line":108,"column":2},"end":{"line":108,"column":7}},"loc":{"start":{"line":108,"column":26},"end":{"line":130,"column":3}}},"4":{"name":"(anonymous_15)","decl":{"start":{"line":132,"column":2},"end":{"line":132,"column":7}},"loc":{"start":{"line":132,"column":55},"end":{"line":165,"column":3}}},"5":{"name":"(anonymous_16)","decl":{"start":{"line":167,"column":2},"end":{"line":167,"column":7}},"loc":{"start":{"line":167,"column":25},"end":{"line":195,"column":3}}},"6":{"name":"(anonymous_17)","decl":{"start":{"line":197,"column":2},"end":{"line":197,"column":7}},"loc":{"start":{"line":197,"column":28},"end":{"line":222,"column":3}}},"7":{"name":"(anonymous_18)","decl":{"start":{"line":224,"column":2},"end":{"line":224,"column":7}},"loc":{"start":{"line":224,"column":30},"end":{"line":249,"column":3}}},"8":{"name":"(anonymous_19)","decl":{"start":{"line":251,"column":2},"end":{"line":251,"column":7}},"loc":{"start":{"line":251,"column":53},"end":{"line":276,"column":3}}},"9":{"name":"(anonymous_20)","decl":{"start":{"line":278,"column":2},"end":{"line":278,"column":7}},"loc":{"start":{"line":278,"column":26},"end":{"line":308,"column":3}}},"10":{"name":"(anonymous_21)","decl":{"start":{"line":310,"column":2},"end":{"line":310,"column":7}},"loc":{"start":{"line":310,"column":61},"end":{"line":345,"column":3}}},"11":{"name":"(anonymous_22)","decl":{"start":{"line":347,"column":2},"end":{"line":347,"column":7}},"loc":{"start":{"line":347,"column":36},"end":{"line":378,"column":3}}},"12":{"name":"(anonymous_23)","decl":{"start":{"line":360,"column":35},"end":{"line":360,"column":40}},"loc":{"start":{"line":360,"column":48},"end":{"line":375,"column":5}}}},"branchMap":{"0":{"loc":{"start":{"line":27,"column":4},"end":{"line":34,"column":5}},"type":"if","locations":[{"start":{"line":27,"column":4},"end":{"line":34,"column":5}},{"start":{},"end":{}}]},"1":{"loc":{"start":{"line":28,"column":6},"end":{"line":32,"column":7}},"type":"if","locations":[{"start":{"line":28,"column":6},"end":{"line":32,"column":7}},{"start":{},"end":{}}]},"2":{"loc":{"start":{"line":56,"column":6},"end":{"line":60,"column":7}},"type":"if","locations":[{"start":{"line":56,"column":6},"end":{"line":60,"column":7}},{"start":{},"end":{}}]},"3":{"loc":{"start":{"line":57,"column":8},"end":{"line":59,"column":9}},"type":"if","locations":[{"start":{"line":57,"column":8},"end":{"line":59,"column":9}},{"start":{},"end":{}}]},"4":{"loc":{"start":{"line":71,"column":12},"end":{"line":71,"column":20}},"type":"default-arg","locations":[{"start":{"line":71,"column":19},"end":{"line":71,"column":20}}]},"5":{"loc":{"start":{"line":71,"column":22},"end":{"line":71,"column":31}},"type":"default-arg","locations":[{"start":{"line":71,"column":29},"end":{"line":71,"column":31}}]},"6":{"loc":{"start":{"line":71,"column":52},"end":{"line":71,"column":64}},"type":"binary-expr","locations":[{"start":{"line":71,"column":52},"end":{"line":71,"column":58}},{"start":{"line":71,"column":62},"end":{"line":71,"column":64}}]},"7":{"loc":{"start":{"line":84,"column":17},"end":{"line":84,"column":49}},"type":"binary-expr","locations":[{"start":{"line":84,"column":17},"end":{"line":84,"column":24}},{"start":{"line":84,"column":28},"end":{"line":84,"column":49}}]},"8":{"loc":{"start":{"line":125,"column":4},"end":{"line":127,"column":5}},"type":"if","locations":[{"start":{"line":125,"column":4},"end":{"line":127,"column":5}},{"start":{},"end":{}}]},"9":{"loc":{"start":{"line":140,"column":4},"end":{"line":142,"column":5}},"type":"if","locations":[{"start":{"line":140,"column":4},"end":{"line":142,"column":5}},{"start":{},"end":{}}]},"10":{"loc":{"start":{"line":146,"column":4},"end":{"line":148,"column":5}},"type":"if","locations":[{"start":{"line":146,"column":4},"end":{"line":148,"column":5}},{"start":{},"end":{}}]},"11":{"loc":{"start":{"line":175,"column":4},"end":{"line":177,"column":5}},"type":"if","locations":[{"start":{"line":175,"column":4},"end":{"line":177,"column":5}},{"start":{},"end":{}}]},"12":{"loc":{"start":{"line":205,"column":4},"end":{"line":207,"column":5}},"type":"if","locations":[{"start":{"line":205,"column":4},"end":{"line":207,"column":5}},{"start":{},"end":{}}]},"13":{"loc":{"start":{"line":232,"column":4},"end":{"line":234,"column":5}},"type":"if","locations":[{"start":{"line":232,"column":4},"end":{"line":234,"column":5}},{"start":{},"end":{}}]},"14":{"loc":{"start":{"line":259,"column":4},"end":{"line":261,"column":5}},"type":"if","locations":[{"start":{"line":259,"column":4},"end":{"line":261,"column":5}},{"start":{},"end":{}}]},"15":{"loc":{"start":{"line":286,"column":4},"end":{"line":288,"column":5}},"type":"if","locations":[{"start":{"line":286,"column":4},"end":{"line":288,"column":5}},{"start":{},"end":{}}]},"16":{"loc":{"start":{"line":311,"column":12},"end":{"line":311,"column":20}},"type":"default-arg","locations":[{"start":{"line":311,"column":19},"end":{"line":311,"column":20}}]},"17":{"loc":{"start":{"line":311,"column":22},"end":{"line":311,"column":31}},"type":"default-arg","locations":[{"start":{"line":311,"column":29},"end":{"line":311,"column":31}}]},"18":{"loc":{"start":{"line":311,"column":36},"end":{"line":311,"column":48}},"type":"binary-expr","locations":[{"start":{"line":311,"column":36},"end":{"line":311,"column":42}},{"start":{"line":311,"column":46},"end":{"line":311,"column":48}}]},"19":{"loc":{"start":{"line":355,"column":4},"end":{"line":357,"column":5}},"type":"if","locations":[{"start":{"line":355,"column":4},"end":{"line":357,"column":5}},{"start":{},"end":{}}]},"20":{"loc":{"start":{"line":15,"column":30},"end":{"line":15,"column":46}},"type":"cond-expr","locations":[{"start":{"line":15,"column":43},"end":{"line":15,"column":46}},{"start":{"line":15,"column":43},"end":{"line":15,"column":46}}]},"21":{"loc":{"start":{"line":15,"column":30},"end":{"line":15,"column":43}},"type":"binary-expr","locations":[{"start":{"line":15,"column":30},"end":{"line":15,"column":46}},{"start":{"line":15,"column":30},"end":{"line":15,"column":43}}]}},"s":{"0":2,"1":2,"2":2,"3":2,"4":2,"5":20,"6":3,"7":3,"8":3,"9":2,"10":1,"11":1,"12":1,"13":1,"14":1,"15":1,"16":0,"17":0,"18":0,"19":0,"20":2,"21":2,"22":2,"23":2,"24":3,"25":3,"26":2,"27":1,"28":4,"29":4,"30":2,"31":2,"32":2,"33":0,"34":2,"35":2,"36":2,"37":2,"38":1,"39":1,"40":1,"41":2,"42":2,"43":1,"44":1,"45":1,"46":2,"47":2,"48":1,"49":1,"50":1,"51":2,"52":2,"53":1,"54":1,"55":1,"56":0,"57":0,"58":0,"59":0,"60":0,"61":0,"62":0,"63":0,"64":0,"65":0,"66":0,"67":0,"68":0,"69":0,"70":0,"71":0,"72":2,"73":2},"f":{"0":20,"1":3,"2":2,"3":3,"4":4,"5":2,"6":2,"7":2,"8":2,"9":0,"10":0,"11":0,"12":0},"b":{"0":[2,1],"1":[1,1],"2":[0,0],"3":[0,0],"4":[1],"5":[1],"6":[2,1],"7":[2,2],"8":[2,1],"9":[2,2],"10":[0,2],"11":[1,1],"12":[1,1],"13":[1,1],"14":[1,1],"15":[0,0],"16":[0],"17":[0],"18":[0,0],"19":[0,0],"20":[2,0],"21":[2,2]}}
,"/Users/bogdankopanicuk/Code/EMS/backend/src/users/dto/create-user.dto.ts": {"path":"/Users/bogdankopanicuk/Code/EMS/backend/src/users/dto/create-user.dto.ts","statementMap":{"0":{"start":{"line":1,"column":0},"end":{"line":1,"column":null}},"1":{"start":{"line":10,"column":0},"end":{"line":10,"column":46}},"2":{"start":{"line":11,"column":0},"end":{"line":11,"column":38}},"3":{"start":{"line":13,"column":0},"end":{"line":13,"column":13}},"4":{"start":{"line":22,"column":2},"end":{"line":22,"column":null}},"5":{"start":{"line":14,"column":28},"end":{"line":14,"column":41}},"6":{"start":{"line":32,"column":2},"end":{"line":32,"column":null}},"7":{"start":{"line":38,"column":2},"end":{"line":38,"column":null}},"8":{"start":{"line":34,"column":28},"end":{"line":34,"column":41}},"9":{"start":{"line":42,"column":2},"end":{"line":42,"column":null}}},"fnMap":{"0":{"name":"(anonymous_2)","decl":{"start":{"line":14,"column":13},"end":{"line":14,"column":14}},"loc":{"start":{"line":14,"column":28},"end":{"line":14,"column":41}}},"1":{"name":"(anonymous_3)","decl":{"start":{"line":34,"column":13},"end":{"line":34,"column":14}},"loc":{"start":{"line":34,"column":28},"end":{"line":34,"column":41}}}},"branchMap":{"0":{"loc":{"start":{"line":42,"column":9},"end":{"line":42,"column":14}},"type":"cond-expr","locations":[{"start":{"line":42,"column":13},"end":{"line":42,"column":14}},{"start":{"line":42,"column":13},"end":{"line":42,"column":14}}]},"1":{"loc":{"start":{"line":42,"column":9},"end":{"line":42,"column":13}},"type":"binary-expr","locations":[{"start":{"line":42,"column":9},"end":{"line":42,"column":14}},{"start":{"line":42,"column":9},"end":{"line":42,"column":13}}]}},"s":{"0":1,"1":1,"2":1,"3":1,"4":1,"5":0,"6":1,"7":1,"8":0,"9":1},"f":{"0":0,"1":0},"b":{"0":[0,1],"1":[1,1]}}
,"/Users/bogdankopanicuk/Code/EMS/backend/src/users/dto/update-user.dto.ts": {"path":"/Users/bogdankopanicuk/Code/EMS/backend/src/users/dto/update-user.dto.ts","statementMap":{"0":{"start":{"line":1,"column":0},"end":{"line":1,"column":null}},"1":{"start":{"line":10,"column":0},"end":{"line":10,"column":46}},"2":{"start":{"line":11,"column":0},"end":{"line":11,"column":38}},"3":{"start":{"line":13,"column":0},"end":{"line":13,"column":13}},"4":{"start":{"line":18,"column":2},"end":{"line":18,"column":null}},"5":{"start":{"line":14,"column":28},"end":{"line":14,"column":41}},"6":{"start":{"line":28,"column":2},"end":{"line":28,"column":null}},"7":{"start":{"line":32,"column":2},"end":{"line":32,"column":null}},"8":{"start":{"line":36,"column":2},"end":{"line":36,"column":null}}},"fnMap":{"0":{"name":"(anonymous_2)","decl":{"start":{"line":14,"column":13},"end":{"line":14,"column":14}},"loc":{"start":{"line":14,"column":28},"end":{"line":14,"column":41}}}},"branchMap":{"0":{"loc":{"start":{"line":32,"column":9},"end":{"line":32,"column":14}},"type":"cond-expr","locations":[{"start":{"line":32,"column":13},"end":{"line":32,"column":14}},{"start":{"line":32,"column":13},"end":{"line":32,"column":14}}]},"1":{"loc":{"start":{"line":32,"column":9},"end":{"line":32,"column":13}},"type":"binary-expr","locations":[{"start":{"line":32,"column":9},"end":{"line":32,"column":14}},{"start":{"line":32,"column":9},"end":{"line":32,"column":13}}]}},"s":{"0":1,"1":1,"2":1,"3":1,"4":1,"5":0,"6":1,"7":1,"8":1},"f":{"0":0},"b":{"0":[0,1],"1":[1,1]}}
}
