TN:
SF:src/app.controller.ts
FN:6,(anonymous_2)
FN:9,(anonymous_3)
FNF:2
FNH:2
FNDA:1,(anonymous_2)
FNDA:1,(anonymous_3)
DA:1,1
DA:2,1
DA:5,1
DA:6,1
DA:9,1
DA:10,1
LF:6
LH:6
BRDA:6,0,0,1
BRDA:6,0,1,0
BRDA:6,1,0,1
BRDA:6,1,1,1
BRF:4
BRH:3
end_of_record
TN:
SF:src/app.module.ts
FN:51,(anonymous_1)
FNF:1
FNH:0
FNDA:0,(anonymous_1)
DA:1,0
DA:2,0
DA:3,0
DA:4,0
DA:5,0
DA:6,0
DA:7,0
DA:8,0
DA:9,0
DA:10,0
DA:11,0
DA:12,0
DA:13,0
DA:14,0
DA:50,0
DA:52,0
LF:16
LH:0
BRF:0
BRH:0
end_of_record
TN:
SF:src/app.service.ts
FN:5,(anonymous_1)
FNF:1
FNH:1
FNDA:1,(anonymous_1)
DA:1,1
DA:4,1
DA:6,1
LF:3
LH:3
BRF:0
BRH:0
end_of_record
TN:
SF:src/main.ts
FN:8,bootstrap
FN:45,(anonymous_11)
FN:47,(anonymous_12)
FNF:3
FNH:0
FNDA:0,bootstrap
FNDA:0,(anonymous_11)
FNDA:0,(anonymous_12)
DA:1,0
DA:2,0
DA:3,0
DA:4,0
DA:5,0
DA:6,0
DA:9,0
DA:14,0
DA:15,0
DA:18,0
DA:26,0
DA:29,0
DA:37,0
DA:46,0
DA:48,0
DA:50,0
DA:59,0
DA:62,0
DA:64,0
DA:65,0
DA:66,0
DA:68,0
LF:22
LH:0
BRDA:30,0,0,0
BRDA:30,0,1,0
BRDA:48,1,0,0
BRDA:48,1,1,0
BRDA:64,2,0,0
BRDA:64,2,1,0
BRF:6
BRH:0
end_of_record
TN:
SF:src/audit/audit.module.ts
FNF:0
FNH:0
DA:1,0
DA:2,0
DA:3,0
DA:11,0
LF:4
LH:0
BRF:0
BRH:0
end_of_record
TN:
SF:src/audit/audit.service.ts
FN:4,(anonymous_2)
FN:39,(anonymous_3)
FN:41,(anonymous_4)
FN:60,(anonymous_5)
FN:110,(anonymous_6)
FNF:5
FNH:5
FNDA:3,(anonymous_2)
FNDA:10,(anonymous_3)
FNDA:3,(anonymous_4)
FNDA:4,(anonymous_5)
FNDA:4,(anonymous_6)
DA:1,3
DA:2,3
DA:4,3
DA:6,3
DA:7,3
DA:8,3
DA:9,3
DA:10,3
DA:13,3
DA:14,3
DA:15,3
DA:16,3
DA:17,3
DA:20,3
DA:21,3
DA:24,3
DA:38,3
DA:39,10
DA:42,3
DA:43,3
DA:56,1
DA:68,4
DA:70,4
DA:72,4
DA:73,4
DA:74,4
DA:75,1
DA:76,1
DA:77,1
DA:80,4
DA:100,4
DA:111,4
DA:112,4
DA:114,4
DA:122,3
LF:35
LH:35
BRDA:4,0,0,3
BRDA:4,0,1,3
BRDA:49,1,0,3
BRDA:49,1,1,0
BRDA:68,2,0,4
BRDA:68,3,0,1
BRDA:72,4,0,1
BRDA:72,4,1,3
BRDA:73,5,0,1
BRDA:73,5,1,3
BRDA:74,6,0,1
BRDA:74,6,1,3
BRDA:74,7,0,4
BRDA:74,7,1,3
BRDA:76,8,0,1
BRDA:76,8,1,0
BRDA:77,9,0,1
BRDA:77,9,1,0
BRDA:110,10,0,2
BRDA:39,11,0,3
BRDA:39,11,1,0
BRDA:39,12,0,3
BRDA:39,12,1,3
BRF:23
BRH:19
end_of_record
TN:
SF:src/auth/auth.controller.ts
FN:21,(anonymous_4)
FN:27,(anonymous_5)
FN:34,(anonymous_6)
FN:41,(anonymous_7)
FN:52,(anonymous_8)
FN:58,(anonymous_9)
FN:64,(anonymous_10)
FN:71,(anonymous_11)
FNF:8
FNH:8
FNDA:10,(anonymous_4)
FNDA:1,(anonymous_5)
FNDA:2,(anonymous_6)
FNDA:2,(anonymous_7)
FNDA:1,(anonymous_8)
FNDA:2,(anonymous_9)
FNDA:1,(anonymous_10)
FNDA:1,(anonymous_11)
DA:1,1
DA:11,1
DA:12,1
DA:13,1
DA:14,1
DA:15,1
DA:16,1
DA:17,1
DA:20,1
DA:21,10
DA:27,1
DA:28,1
DA:34,1
DA:35,2
DA:41,1
DA:46,2
DA:52,1
DA:53,1
DA:58,1
DA:59,2
DA:64,1
DA:65,1
DA:71,1
DA:72,1
DA:73,1
LF:25
LH:25
BRDA:27,0,0,1
BRDA:27,0,1,0
BRDA:27,1,0,1
BRDA:27,1,1,1
BRDA:34,2,0,1
BRDA:34,2,1,0
BRDA:34,3,0,1
BRDA:34,3,1,1
BRDA:21,4,0,1
BRDA:21,4,1,0
BRDA:21,5,0,1
BRDA:21,5,1,1
BRF:12
BRH:9
end_of_record
TN:
SF:src/auth/auth.module.ts
FN:20,(anonymous_1)
FNF:1
FNH:0
FNDA:0,(anonymous_1)
DA:1,0
DA:2,0
DA:3,0
DA:4,0
DA:5,0
DA:6,0
DA:7,0
DA:8,0
DA:9,0
DA:10,0
DA:20,0
DA:33,0
LF:12
LH:0
BRF:0
BRH:0
end_of_record
TN:
SF:src/auth/auth.service.ts
FN:27,(anonymous_11)
FN:34,(anonymous_12)
FN:135,(anonymous_13)
FN:183,(anonymous_14)
FN:254,(anonymous_15)
FN:277,(anonymous_16)
FN:292,(anonymous_17)
FN:309,(anonymous_18)
FN:315,(anonymous_19)
FN:336,(anonymous_20)
FN:360,(anonymous_21)
FN:382,(anonymous_22)
FN:386,(anonymous_23)
FN:396,(anonymous_24)
FNF:14
FNH:13
FNDA:21,(anonymous_11)
FNDA:8,(anonymous_12)
FNDA:1,(anonymous_13)
FNDA:5,(anonymous_14)
FNDA:1,(anonymous_15)
FNDA:1,(anonymous_16)
FNDA:1,(anonymous_17)
FNDA:1,(anonymous_18)
FNDA:2,(anonymous_19)
FNDA:2,(anonymous_20)
FNDA:2,(anonymous_21)
FNDA:0,(anonymous_22)
FNDA:2,(anonymous_23)
FNDA:13,(anonymous_24)
DA:1,2
DA:8,2
DA:9,2
DA:10,2
DA:11,2
DA:12,2
DA:13,2
DA:23,2
DA:24,21
DA:25,21
DA:28,21
DA:29,21
DA:30,21
DA:31,21
DA:39,8
DA:43,8
DA:45,2
DA:55,2
DA:59,6
DA:60,1
DA:67,1
DA:71,5
DA:72,1
DA:79,1
DA:82,4
DA:84,4
DA:86,2
DA:87,2
DA:89,2
DA:90,1
DA:93,2
DA:101,2
DA:113,2
DA:114,1
DA:119,1
DA:123,2
DA:131,2
DA:132,2
DA:137,1
DA:145,1
DA:148,1
DA:149,1
DA:154,1
DA:165,1
DA:172,1
DA:184,5
DA:189,5
DA:190,1
DA:193,4
DA:195,1
DA:196,1
DA:203,1
DA:206,3
DA:207,1
DA:211,1
DA:214,2
DA:215,1
DA:219,1
DA:225,1
DA:228,1
DA:229,1
DA:234,1
DA:244,1
DA:251,1
DA:255,1
DA:257,1
DA:267,1
DA:274,1
DA:279,1
DA:281,1
DA:289,1
DA:293,1
DA:309,1
DA:316,2
DA:324,2
DA:325,1
DA:328,1
DA:333,1
DA:337,2
DA:353,2
DA:354,1
DA:357,1
DA:361,2
DA:367,2
DA:374,2
DA:383,0
DA:387,2
DA:397,13
DA:399,12
LF:89
LH:88
BRDA:43,0,0,2
BRDA:43,0,1,6
BRDA:43,1,0,8
BRDA:43,1,1,7
BRDA:46,2,0,2
BRDA:46,2,1,1
BRDA:50,3,0,1
BRDA:50,3,1,1
BRDA:59,4,0,1
BRDA:59,4,1,5
BRDA:59,5,0,6
BRDA:59,5,1,2
BRDA:71,6,0,1
BRDA:71,6,1,4
BRDA:84,7,0,2
BRDA:84,7,1,2
BRDA:89,8,0,1
BRDA:89,8,1,1
BRDA:113,9,0,1
BRDA:113,9,1,1
BRDA:189,10,0,1
BRDA:189,10,1,4
BRDA:193,11,0,1
BRDA:193,11,1,3
BRDA:206,12,0,1
BRDA:206,12,1,2
BRDA:214,13,0,1
BRDA:214,13,1,1
BRDA:255,14,0,1
BRDA:255,14,1,0
BRDA:324,15,0,1
BRDA:324,15,1,1
BRDA:353,16,0,1
BRDA:353,16,1,1
BRDA:397,17,0,1
BRDA:397,17,1,12
BRDA:400,18,0,12
BRDA:400,18,1,0
BRDA:400,18,2,0
BRDA:400,18,3,0
BRDA:28,19,0,2
BRDA:28,19,1,0
BRDA:28,20,0,2
BRDA:28,20,1,2
BRDA:28,21,0,2
BRDA:28,21,1,0
BRDA:28,22,0,2
BRDA:28,22,1,2
BRDA:29,23,0,2
BRDA:29,23,1,0
BRDA:29,24,0,2
BRDA:29,24,1,2
BRDA:30,25,0,2
BRDA:30,25,1,0
BRDA:30,26,0,2
BRDA:30,26,1,2
BRF:56
BRH:48
end_of_record
TN:
SF:src/auth/decorators/current-user.decorator.ts
FN:4,(anonymous_0)
FNF:1
FNH:0
FNDA:0,(anonymous_0)
DA:1,2
DA:3,2
DA:5,0
DA:6,0
DA:7,0
LF:5
LH:2
BRDA:7,0,0,0
BRDA:7,0,1,0
BRF:2
BRH:0
end_of_record
TN:
SF:src/auth/decorators/roles.decorator.ts
FN:5,(anonymous_0)
FNF:1
FNH:1
FNDA:11,(anonymous_0)
DA:1,2
DA:4,2
DA:5,11
LF:3
LH:3
BRF:0
BRH:0
end_of_record
TN:
SF:src/auth/dto/login.dto.ts
FN:5,(anonymous_2)
FNF:1
FNH:0
FNDA:0,(anonymous_2)
DA:1,1
DA:2,1
DA:4,1
DA:5,0
DA:13,1
DA:18,1
LF:6
LH:5
BRF:0
BRH:0
end_of_record
TN:
SF:src/auth/dto/refresh-token.dto.ts
FNF:0
FNH:0
DA:1,1
DA:3,1
DA:6,1
LF:3
LH:3
BRF:0
BRH:0
end_of_record
TN:
SF:src/auth/guards/jwt-auth.guard.ts
FNF:0
FNH:0
DA:1,4
DA:2,4
DA:5,4
LF:3
LH:3
BRF:0
BRH:0
end_of_record
TN:
SF:src/auth/guards/local-auth.guard.ts
FNF:0
FNH:0
DA:1,1
DA:2,1
DA:5,1
LF:3
LH:3
BRF:0
BRH:0
end_of_record
TN:
SF:src/auth/guards/roles.guard.ts
FN:8,(anonymous_2)
FN:10,(anonymous_3)
FN:26,(anonymous_4)
FNF:3
FNH:3
FNDA:24,(anonymous_2)
FNDA:5,(anonymous_3)
FNDA:4,(anonymous_4)
DA:1,2
DA:2,2
DA:4,2
DA:7,2
DA:8,24
DA:11,5
DA:16,5
DA:17,1
DA:20,4
DA:22,4
DA:23,1
DA:26,4
LF:12
LH:12
BRDA:16,0,0,1
BRDA:16,0,1,4
BRDA:22,1,0,1
BRDA:22,1,1,3
BRDA:8,2,0,2
BRDA:8,2,1,0
BRDA:8,3,0,2
BRDA:8,3,1,2
BRF:8
BRH:7
end_of_record
TN:
SF:src/auth/strategies/jwt.strategy.ts
FN:9,(anonymous_2)
FN:20,(anonymous_3)
FNF:2
FNH:2
FNDA:4,(anonymous_2)
FNDA:4,(anonymous_3)
DA:1,1
DA:2,1
DA:3,1
DA:4,1
DA:5,1
DA:8,1
DA:11,4
DA:13,4
DA:21,4
DA:25,4
DA:26,1
DA:29,3
DA:30,1
DA:33,2
LF:14
LH:14
BRDA:16,0,0,4
BRDA:16,0,1,4
BRDA:25,1,0,1
BRDA:25,1,1,3
BRDA:29,2,0,1
BRDA:29,2,1,2
BRDA:10,3,0,1
BRDA:10,3,1,0
BRDA:10,4,0,1
BRDA:10,4,1,1
BRDA:10,5,0,1
BRDA:10,5,1,0
BRDA:10,6,0,1
BRDA:10,6,1,1
BRF:14
BRH:12
end_of_record
TN:
SF:src/auth/strategies/local.strategy.ts
FN:9,(anonymous_2)
FN:17,(anonymous_3)
FNF:2
FNH:0
FNDA:0,(anonymous_2)
FNDA:0,(anonymous_3)
DA:1,0
DA:2,0
DA:3,0
DA:4,0
DA:8,0
DA:9,0
DA:10,0
DA:22,0
DA:23,0
DA:24,0
DA:26,0
LF:11
LH:0
BRDA:23,0,0,0
BRDA:23,0,1,0
BRDA:9,1,0,0
BRDA:9,1,1,0
BRDA:9,2,0,0
BRDA:9,2,1,0
BRF:6
BRH:0
end_of_record
TN:
SF:src/common/filters/security-exception.filter.ts
FN:15,(anonymous_1)
FNF:1
FNH:0
FNDA:0,(anonymous_1)
DA:1,0
DA:12,0
DA:13,0
DA:16,0
DA:17,0
DA:18,0
DA:20,0
DA:21,0
DA:22,0
DA:24,0
DA:25,0
DA:26,0
DA:28,0
DA:29,0
DA:30,0
DA:32,0
DA:36,0
DA:40,0
DA:52,0
DA:63,0
DA:64,0
DA:67,0
LF:22
LH:0
BRDA:24,0,0,0
BRDA:24,0,1,0
BRDA:28,1,0,0
BRDA:28,1,1,0
BRDA:28,2,0,0
BRDA:28,2,1,0
BRDA:29,3,0,0
BRDA:29,3,1,0
BRDA:30,4,0,0
BRDA:30,4,1,0
BRDA:36,5,0,0
BRDA:36,5,1,0
BRDA:37,6,0,0
BRDA:37,6,1,0
BRDA:63,7,0,0
BRDA:63,7,1,0
BRF:16
BRH:0
end_of_record
TN:
SF:src/common/interceptors/sanitize-response.interceptor.ts
FN:12,(anonymous_1)
FN:13,(anonymous_2)
FN:16,(anonymous_3)
FN:36,(anonymous_4)
FN:42,(anonymous_5)
FN:74,(anonymous_6)
FN:75,(anonymous_7)
FN:78,(anonymous_8)
FN:79,(anonymous_9)
FNF:9
FNH:0
FNDA:0,(anonymous_1)
FNDA:0,(anonymous_2)
FNDA:0,(anonymous_3)
FNDA:0,(anonymous_4)
FNDA:0,(anonymous_5)
FNDA:0,(anonymous_6)
FNDA:0,(anonymous_7)
FNDA:0,(anonymous_8)
FNDA:0,(anonymous_9)
DA:1,0
DA:8,0
DA:11,0
DA:13,0
DA:17,0
DA:18,0
DA:24,0
DA:33,0
DA:37,0
DA:38,0
DA:41,0
DA:42,0
DA:45,0
DA:47,0
DA:49,0
DA:57,0
DA:58,0
DA:59,0
DA:65,0
DA:66,0
DA:67,0
DA:71,0
DA:75,0
DA:79,0
LF:24
LH:0
BRDA:17,0,0,0
BRDA:17,0,1,0
BRDA:37,1,0,0
BRDA:37,1,1,0
BRDA:37,2,0,0
BRDA:37,2,1,0
BRDA:41,3,0,0
BRDA:41,3,1,0
BRDA:58,4,0,0
BRDA:58,4,1,0
BRDA:66,5,0,0
BRDA:66,5,1,0
BRDA:66,6,0,0
BRDA:66,6,1,0
BRF:14
BRH:0
end_of_record
TN:
SF:src/common/middleware/sanitize.middleware.ts
FN:6,(anonymous_1)
FN:18,(anonymous_2)
FN:24,(anonymous_3)
FN:42,(anonymous_4)
FNF:4
FNH:0
FNDA:0,(anonymous_1)
FNDA:0,(anonymous_2)
FNDA:0,(anonymous_3)
FNDA:0,(anonymous_4)
DA:1,0
DA:5,0
DA:8,0
DA:9,0
DA:15,0
DA:19,0
DA:20,0
DA:23,0
DA:24,0
DA:27,0
DA:28,0
DA:29,0
DA:30,0
DA:32,0
DA:33,0
DA:36,0
DA:39,0
DA:43,0
DA:44,0
DA:48,0
DA:54,0
DA:57,0
DA:59,0
LF:23
LH:0
BRDA:8,0,0,0
BRDA:8,0,1,0
BRDA:8,1,0,0
BRDA:8,1,1,0
BRDA:19,2,0,0
BRDA:19,2,1,0
BRDA:23,3,0,0
BRDA:23,3,1,0
BRDA:27,4,0,0
BRDA:27,4,1,0
BRDA:27,5,0,0
BRDA:27,5,1,0
BRDA:30,6,0,0
BRDA:30,6,1,0
BRDA:43,7,0,0
BRDA:43,7,1,0
BRF:16
BRH:0
end_of_record
TN:
SF:src/database/database.module.ts
FNF:0
FNH:0
DA:1,0
DA:2,0
DA:9,0
LF:3
LH:0
BRF:0
BRH:0
end_of_record
TN:
SF:src/database/prisma.service.ts
FN:9,(anonymous_2)
FN:18,(anonymous_3)
FN:22,(anonymous_4)
FN:26,(anonymous_5)
FN:32,(anonymous_6)
FN:36,(anonymous_7)
FNF:6
FNH:4
FNDA:7,(anonymous_2)
FNDA:2,(anonymous_3)
FNDA:2,(anonymous_4)
FNDA:1,(anonymous_5)
FNDA:0,(anonymous_6)
FNDA:0,(anonymous_7)
DA:1,10
DA:2,10
DA:5,10
DA:10,7
DA:19,2
DA:23,2
DA:27,1
DA:28,1
DA:31,0
DA:32,0
DA:35,0
DA:37,0
DA:38,0
DA:39,0
DA:41,0
LF:15
LH:8
BRDA:12,0,0,0
BRDA:12,0,1,7
BRDA:27,1,0,1
BRDA:27,1,1,0
BRDA:32,2,0,0
BRDA:32,2,1,0
BRDA:38,3,0,0
BRDA:38,3,1,0
BRDA:38,4,0,0
BRDA:38,4,1,0
BRDA:38,4,2,0
BRF:11
BRH:2
end_of_record
TN:
SF:src/health/health.controller.ts
FN:6,(anonymous_2)
FN:9,(anonymous_3)
FN:33,(anonymous_4)
FNF:3
FNH:3
FNDA:7,(anonymous_2)
FNDA:3,(anonymous_3)
FNDA:4,(anonymous_4)
DA:1,1
DA:2,1
DA:5,1
DA:6,7
DA:9,1
DA:10,3
DA:12,3
DA:14,2
DA:22,1
DA:33,1
DA:34,4
DA:36,4
DA:39,3
DA:40,3
DA:41,3
DA:43,3
DA:56,1
LF:17
LH:17
BRDA:6,0,0,1
BRDA:6,0,1,0
BRDA:6,1,0,1
BRDA:6,1,1,1
BRF:4
BRH:3
end_of_record
TN:
SF:src/health/health.module.ts
FNF:0
FNH:0
DA:1,0
DA:2,0
DA:3,0
DA:9,0
LF:4
LH:0
BRF:0
BRH:0
end_of_record
TN:
SF:src/profile/profile.controller.ts
FN:19,(anonymous_4)
FN:22,(anonymous_5)
FN:27,(anonymous_6)
FN:35,(anonymous_7)
FNF:4
FNH:4
FNDA:9,(anonymous_4)
FNDA:2,(anonymous_5)
FNDA:3,(anonymous_6)
FNDA:4,(anonymous_7)
DA:1,1
DA:10,1
DA:11,1
DA:12,1
DA:13,1
DA:14,1
DA:18,1
DA:19,9
DA:22,1
DA:23,2
DA:27,1
DA:31,3
DA:35,1
DA:40,4
LF:14
LH:14
BRDA:29,0,0,1
BRDA:29,0,1,0
BRDA:29,1,0,1
BRDA:29,1,1,1
BRDA:38,2,0,1
BRDA:38,2,1,0
BRDA:38,3,0,1
BRDA:38,3,1,1
BRDA:19,4,0,1
BRDA:19,4,1,0
BRDA:19,5,0,1
BRDA:19,5,1,1
BRF:12
BRH:9
end_of_record
TN:
SF:src/profile/profile.module.ts
FNF:0
FNH:0
DA:1,0
DA:2,0
DA:3,0
DA:4,0
DA:11,0
LF:5
LH:0
BRF:0
BRH:0
end_of_record
TN:
SF:src/profile/profile.service.ts
FN:14,(anonymous_11)
FN:16,(anonymous_12)
FN:39,(anonymous_13)
FN:67,(anonymous_14)
FNF:4
FNH:4
FNDA:12,(anonymous_11)
FNDA:3,(anonymous_12)
FNDA:4,(anonymous_13)
FNDA:5,(anonymous_14)
DA:1,2
DA:6,2
DA:9,2
DA:10,2
DA:13,2
DA:14,12
DA:17,3
DA:32,3
DA:33,2
DA:36,1
DA:40,4
DA:47,4
DA:48,2
DA:51,2
DA:64,2
DA:73,5
DA:74,1
DA:77,4
DA:84,4
DA:85,2
DA:88,2
DA:93,2
DA:94,1
DA:97,1
DA:99,1
DA:104,1
LF:26
LH:26
BRDA:32,0,0,2
BRDA:32,0,1,1
BRDA:47,1,0,2
BRDA:47,1,1,2
BRDA:73,2,0,1
BRDA:73,2,1,4
BRDA:84,3,0,2
BRDA:84,3,1,2
BRDA:93,4,0,1
BRDA:93,4,1,1
BRDA:14,5,0,2
BRDA:14,5,1,0
BRDA:14,6,0,2
BRDA:14,6,1,2
BRF:14
BRH:13
end_of_record
TN:
SF:src/profile/dto/change-password.dto.ts
FNF:0
FNH:0
DA:1,1
DA:9,1
DA:13,1
DA:23,1
LF:4
LH:4
BRF:0
BRH:0
end_of_record
TN:
SF:src/profile/dto/update-profile.dto.ts
FN:5,(anonymous_2)
FNF:1
FNH:0
FNDA:0,(anonymous_2)
DA:1,1
DA:2,1
DA:4,1
DA:5,0
DA:9,1
LF:5
LH:4
BRF:0
BRH:0
end_of_record
TN:
SF:src/users/users.controller.ts
FN:25,(anonymous_4)
FN:29,(anonymous_5)
FN:35,(anonymous_6)
FN:48,(anonymous_7)
FN:58,(anonymous_8)
FN:64,(anonymous_9)
FN:70,(anonymous_10)
FN:76,(anonymous_11)
FN:82,(anonymous_12)
FN:88,(anonymous_13)
FN:94,(anonymous_14)
FN:100,(anonymous_15)
FNF:12
FNH:11
FNDA:19,(anonymous_4)
FNDA:2,(anonymous_5)
FNDA:2,(anonymous_6)
FNDA:1,(anonymous_7)
FNDA:2,(anonymous_8)
FNDA:2,(anonymous_9)
FNDA:2,(anonymous_10)
FNDA:2,(anonymous_11)
FNDA:2,(anonymous_12)
FNDA:2,(anonymous_13)
FNDA:2,(anonymous_14)
FNDA:0,(anonymous_15)
DA:1,1
DA:14,1
DA:15,1
DA:16,1
DA:17,1
DA:18,1
DA:19,1
DA:20,1
DA:24,1
DA:25,19
DA:29,1
DA:30,2
DA:35,1
DA:39,2
DA:40,2
DA:48,1
DA:52,1
DA:53,1
DA:58,1
DA:59,2
DA:64,1
DA:65,2
DA:70,1
DA:71,2
DA:76,1
DA:77,2
DA:82,1
DA:83,2
DA:88,1
DA:89,2
DA:94,1
DA:95,2
DA:100,1
DA:101,0
LF:34
LH:33
BRDA:29,0,0,1
BRDA:29,0,1,0
BRDA:29,1,0,1
BRDA:29,1,1,1
BRDA:64,2,0,1
BRDA:64,2,1,0
BRDA:64,3,0,1
BRDA:64,3,1,1
BRDA:25,4,0,1
BRDA:25,4,1,0
BRDA:25,5,0,1
BRDA:25,5,1,1
BRF:12
BRH:9
end_of_record
TN:
SF:src/users/users.module.ts
FNF:0
FNH:0
DA:1,0
DA:2,0
DA:3,0
DA:4,0
DA:12,0
LF:5
LH:0
BRF:0
BRH:0
end_of_record
TN:
SF:src/users/users.service.ts
FN:15,(anonymous_11)
FN:17,(anonymous_12)
FN:65,(anonymous_13)
FN:108,(anonymous_14)
FN:132,(anonymous_15)
FN:167,(anonymous_16)
FN:197,(anonymous_17)
FN:224,(anonymous_18)
FN:251,(anonymous_19)
FN:278,(anonymous_20)
FN:310,(anonymous_21)
FN:347,(anonymous_22)
FN:360,(anonymous_23)
FNF:13
FNH:9
FNDA:20,(anonymous_11)
FNDA:3,(anonymous_12)
FNDA:2,(anonymous_13)
FNDA:3,(anonymous_14)
FNDA:4,(anonymous_15)
FNDA:2,(anonymous_16)
FNDA:2,(anonymous_17)
FNDA:2,(anonymous_18)
FNDA:2,(anonymous_19)
FNDA:0,(anonymous_20)
FNDA:0,(anonymous_21)
FNDA:0,(anonymous_22)
FNDA:0,(anonymous_23)
DA:1,2
DA:7,2
DA:10,2
DA:11,2
DA:14,2
DA:15,20
DA:18,3
DA:21,3
DA:27,3
DA:28,2
DA:29,1
DA:33,1
DA:36,1
DA:38,1
DA:39,1
DA:54,1
DA:56,0
DA:57,0
DA:58,0
DA:61,0
DA:71,2
DA:74,2
DA:79,2
DA:98,2
DA:109,3
DA:125,3
DA:126,2
DA:129,1
DA:133,4
DA:140,4
DA:141,2
DA:144,2
DA:146,2
DA:147,0
DA:150,2
DA:164,2
DA:168,2
DA:175,2
DA:176,1
DA:180,1
DA:194,1
DA:198,2
DA:205,2
DA:206,1
DA:209,1
DA:221,1
DA:225,2
DA:232,2
DA:233,1
DA:236,1
DA:248,1
DA:252,2
DA:259,2
DA:260,1
DA:263,1
DA:275,1
DA:279,0
DA:286,0
DA:287,0
DA:290,0
DA:307,0
DA:311,0
DA:313,0
DA:337,0
DA:348,0
DA:355,0
DA:356,0
DA:360,0
DA:362,0
DA:367,0
DA:372,0
DA:377,0
LF:72
LH:51
BRDA:27,0,0,2
BRDA:27,0,1,1
BRDA:28,1,0,1
BRDA:28,1,1,1
BRDA:56,2,0,0
BRDA:56,2,1,0
BRDA:57,3,0,0
BRDA:57,3,1,0
BRDA:71,4,0,1
BRDA:71,5,0,1
BRDA:71,6,0,2
BRDA:71,6,1,1
BRDA:84,7,0,2
BRDA:84,7,1,2
BRDA:125,8,0,2
BRDA:125,8,1,1
BRDA:140,9,0,2
BRDA:140,9,1,2
BRDA:146,10,0,0
BRDA:146,10,1,2
BRDA:175,11,0,1
BRDA:175,11,1,1
BRDA:205,12,0,1
BRDA:205,12,1,1
BRDA:232,13,0,1
BRDA:232,13,1,1
BRDA:259,14,0,1
BRDA:259,14,1,1
BRDA:286,15,0,0
BRDA:286,15,1,0
BRDA:311,16,0,0
BRDA:311,17,0,0
BRDA:311,18,0,0
BRDA:311,18,1,0
BRDA:355,19,0,0
BRDA:355,19,1,0
BRDA:15,20,0,2
BRDA:15,20,1,0
BRDA:15,21,0,2
BRDA:15,21,1,2
BRF:40
BRH:26
end_of_record
TN:
SF:src/users/dto/create-user.dto.ts
FN:14,(anonymous_2)
FN:34,(anonymous_3)
FNF:2
FNH:0
FNDA:0,(anonymous_2)
FNDA:0,(anonymous_3)
DA:1,1
DA:10,1
DA:11,1
DA:13,1
DA:14,0
DA:22,1
DA:32,1
DA:34,0
DA:38,1
DA:42,1
LF:10
LH:8
BRDA:42,0,0,0
BRDA:42,0,1,1
BRDA:42,1,0,1
BRDA:42,1,1,1
BRF:4
BRH:3
end_of_record
TN:
SF:src/users/dto/update-user.dto.ts
FN:14,(anonymous_2)
FNF:1
FNH:0
FNDA:0,(anonymous_2)
DA:1,1
DA:10,1
DA:11,1
DA:13,1
DA:14,0
DA:18,1
DA:28,1
DA:32,1
DA:36,1
LF:9
LH:8
BRDA:32,0,0,0
BRDA:32,0,1,1
BRDA:32,1,0,1
BRDA:32,1,1,1
BRF:4
BRH:3
end_of_record
